[2020-10-01 09:02:25] production.ERROR: SQLSTATE[HY000] [1044] Access denied for user ''@'localhost' to database 'forge' (SQL: select * from information_schema.tables where table_schema = forge and table_name = migrations and table_type = 'BASE TABLE') {"exception":"[object] (Illuminate\\Database\\QueryException(code: 1044): SQLSTATE[HY000] [1044] Access denied for user ''@'localhost' to database 'forge' (SQL: select * from information_schema.tables where table_schema = forge and table_name = migrations and table_type = 'BASE TABLE') at C:\\Users\\capstonestudent\\Documents\\Thesis PN2020-B\\BBOHRSystem\\vendor\\laravel\\framework\\src\\Illuminate\\Database\\Connection.php:664, PDOException(code: 1044): SQLSTATE[HY000] [1044] Access denied for user ''@'localhost' to database 'forge' at C:\\Users\\capstonestudent\\Documents\\Thesis PN2020-B\\BBOHRSystem\\vendor\\laravel\\framework\\src\\Illuminate\\Database\\Connectors\\Connector.php:70)
[stacktrace]
#0 C:\\Users\\capstonestudent\\Documents\\Thesis PN2020-B\\BBOHRSystem\\vendor\\laravel\\framework\\src\\Illuminate\\Database\\Connection.php(624): Illuminate\\Database\\Connection->runQueryCallback('select * from i...', Array, Object(Closure))
#1 C:\\Users\\capstonestudent\\Documents\\Thesis PN2020-B\\BBOHRSystem\\vendor\\laravel\\framework\\src\\Illuminate\\Database\\Connection.php(333): Illuminate\\Database\\Connection->run('select * from i...', Array, Object(Closure))
#2 C:\\Users\\capstonestudent\\Documents\\Thesis PN2020-B\\BBOHRSystem\\vendor\\laravel\\framework\\src\\Illuminate\\Database\\Schema\\MySqlBuilder.php(18): Illuminate\\Database\\Connection->select('select * from i...', Array)
#3 C:\\Users\\capstonestudent\\Documents\\Thesis PN2020-B\\BBOHRSystem\\vendor\\laravel\\framework\\src\\Illuminate\\Database\\Migrations\\DatabaseMigrationRepository.php(169): Illuminate\\Database\\Schema\\MySqlBuilder->hasTable('migrations')
#4 C:\\Users\\capstonestudent\\Documents\\Thesis PN2020-B\\BBOHRSystem\\vendor\\laravel\\framework\\src\\Illuminate\\Database\\Migrations\\Migrator.php(585): Illuminate\\Database\\Migrations\\DatabaseMigrationRepository->repositoryExists()
#5 C:\\Users\\capstonestudent\\Documents\\Thesis PN2020-B\\BBOHRSystem\\vendor\\laravel\\framework\\src\\Illuminate\\Database\\Console\\Migrations\\MigrateCommand.php(91): Illuminate\\Database\\Migrations\\Migrator->repositoryExists()
#6 C:\\Users\\capstonestudent\\Documents\\Thesis PN2020-B\\BBOHRSystem\\vendor\\laravel\\framework\\src\\Illuminate\\Database\\Console\\Migrations\\MigrateCommand.php(63): Illuminate\\Database\\Console\\Migrations\\MigrateCommand->prepareDatabase()
#7 [internal function]: Illuminate\\Database\\Console\\Migrations\\MigrateCommand->handle()
#8 C:\\Users\\capstonestudent\\Documents\\Thesis PN2020-B\\BBOHRSystem\\vendor\\laravel\\framework\\src\\Illuminate\\Container\\BoundMethod.php(32): call_user_func_array(Array, Array)
#9 C:\\Users\\capstonestudent\\Documents\\Thesis PN2020-B\\BBOHRSystem\\vendor\\laravel\\framework\\src\\Illuminate\\Container\\BoundMethod.php(90): Illuminate\\Container\\BoundMethod::Illuminate\\Container\\{closure}()
#10 C:\\Users\\capstonestudent\\Documents\\Thesis PN2020-B\\BBOHRSystem\\vendor\\laravel\\framework\\src\\Illuminate\\Container\\BoundMethod.php(34): Illuminate\\Container\\BoundMethod::callBoundMethod(Object(Illuminate\\Foundation\\Application), Array, Object(Closure))
#11 C:\\Users\\capstonestudent\\Documents\\Thesis PN2020-B\\BBOHRSystem\\vendor\\laravel\\framework\\src\\Illuminate\\Container\\Container.php(576): Illuminate\\Container\\BoundMethod::call(Object(Illuminate\\Foundation\\Application), Array, Array, NULL)
#12 C:\\Users\\capstonestudent\\Documents\\Thesis PN2020-B\\BBOHRSystem\\vendor\\laravel\\framework\\src\\Illuminate\\Console\\Command.php(183): Illuminate\\Container\\Container->call(Array)
#13 C:\\Users\\capstonestudent\\Documents\\Thesis PN2020-B\\BBOHRSystem\\vendor\\symfony\\console\\Command\\Command.php(255): Illuminate\\Console\\Command->execute(Object(Symfony\\Component\\Console\\Input\\ArgvInput), Object(Illuminate\\Console\\OutputStyle))
#14 C:\\Users\\capstonestudent\\Documents\\Thesis PN2020-B\\BBOHRSystem\\vendor\\laravel\\framework\\src\\Illuminate\\Console\\Command.php(170): Symfony\\Component\\Console\\Command\\Command->run(Object(Symfony\\Component\\Console\\Input\\ArgvInput), Object(Illuminate\\Console\\OutputStyle))
#15 C:\\Users\\capstonestudent\\Documents\\Thesis PN2020-B\\BBOHRSystem\\vendor\\symfony\\console\\Application.php(1000): Illuminate\\Console\\Command->run(Object(Symfony\\Component\\Console\\Input\\ArgvInput), Object(Symfony\\Component\\Console\\Output\\ConsoleOutput))
#16 C:\\Users\\capstonestudent\\Documents\\Thesis PN2020-B\\BBOHRSystem\\vendor\\symfony\\console\\Application.php(271): Symfony\\Component\\Console\\Application->doRunCommand(Object(Illuminate\\Database\\Console\\Migrations\\MigrateCommand), Object(Symfony\\Component\\Console\\Input\\ArgvInput), Object(Symfony\\Component\\Console\\Output\\ConsoleOutput))
#17 C:\\Users\\capstonestudent\\Documents\\Thesis PN2020-B\\BBOHRSystem\\vendor\\symfony\\console\\Application.php(147): Symfony\\Component\\Console\\Application->doRun(Object(Symfony\\Component\\Console\\Input\\ArgvInput), Object(Symfony\\Component\\Console\\Output\\ConsoleOutput))
#18 C:\\Users\\capstonestudent\\Documents\\Thesis PN2020-B\\BBOHRSystem\\vendor\\laravel\\framework\\src\\Illuminate\\Console\\Application.php(90): Symfony\\Component\\Console\\Application->run(Object(Symfony\\Component\\Console\\Input\\ArgvInput), Object(Symfony\\Component\\Console\\Output\\ConsoleOutput))
#19 C:\\Users\\capstonestudent\\Documents\\Thesis PN2020-B\\BBOHRSystem\\vendor\\laravel\\framework\\src\\Illuminate\\Foundation\\Console\\Kernel.php(133): Illuminate\\Console\\Application->run(Object(Symfony\\Component\\Console\\Input\\ArgvInput), Object(Symfony\\Component\\Console\\Output\\ConsoleOutput))
#20 C:\\Users\\capstonestudent\\Documents\\Thesis PN2020-B\\BBOHRSystem\\artisan(37): Illuminate\\Foundation\\Console\\Kernel->handle(Object(Symfony\\Component\\Console\\Input\\ArgvInput), Object(Symfony\\Component\\Console\\Output\\ConsoleOutput))
#21 {main}
"} 
[2020-10-01 09:17:25] production.ERROR: SQLSTATE[HY000] [1044] Access denied for user ''@'localhost' to database 'forge' (SQL: SHOW FULL TABLES WHERE table_type = 'BASE TABLE') {"exception":"[object] (Illuminate\\Database\\QueryException(code: 1044): SQLSTATE[HY000] [1044] Access denied for user ''@'localhost' to database 'forge' (SQL: SHOW FULL TABLES WHERE table_type = 'BASE TABLE') at C:\\Users\\capstonestudent\\Documents\\Thesis PN2020-B\\BBOHRSystem\\vendor\\laravel\\framework\\src\\Illuminate\\Database\\Connection.php:664, PDOException(code: 1044): SQLSTATE[HY000] [1044] Access denied for user ''@'localhost' to database 'forge' at C:\\Users\\capstonestudent\\Documents\\Thesis PN2020-B\\BBOHRSystem\\vendor\\laravel\\framework\\src\\Illuminate\\Database\\Connectors\\Connector.php:70)
[stacktrace]
#0 C:\\Users\\capstonestudent\\Documents\\Thesis PN2020-B\\BBOHRSystem\\vendor\\laravel\\framework\\src\\Illuminate\\Database\\Connection.php(624): Illuminate\\Database\\Connection->runQueryCallback('SHOW FULL TABLE...', Array, Object(Closure))
#1 C:\\Users\\capstonestudent\\Documents\\Thesis PN2020-B\\BBOHRSystem\\vendor\\laravel\\framework\\src\\Illuminate\\Database\\Connection.php(333): Illuminate\\Database\\Connection->run('SHOW FULL TABLE...', Array, Object(Closure))
#2 C:\\Users\\capstonestudent\\Documents\\Thesis PN2020-B\\BBOHRSystem\\vendor\\laravel\\framework\\src\\Illuminate\\Database\\Schema\\MySqlBuilder.php(99): Illuminate\\Database\\Connection->select('SHOW FULL TABLE...')
#3 C:\\Users\\capstonestudent\\Documents\\Thesis PN2020-B\\BBOHRSystem\\vendor\\laravel\\framework\\src\\Illuminate\\Database\\Schema\\MySqlBuilder.php(48): Illuminate\\Database\\Schema\\MySqlBuilder->getAllTables()
#4 C:\\Users\\capstonestudent\\Documents\\Thesis PN2020-B\\BBOHRSystem\\vendor\\laravel\\framework\\src\\Illuminate\\Database\\Console\\Migrations\\FreshCommand.php(79): Illuminate\\Database\\Schema\\MySqlBuilder->dropAllTables()
#5 C:\\Users\\capstonestudent\\Documents\\Thesis PN2020-B\\BBOHRSystem\\vendor\\laravel\\framework\\src\\Illuminate\\Database\\Console\\Migrations\\FreshCommand.php(46): Illuminate\\Database\\Console\\Migrations\\FreshCommand->dropAllTables(NULL)
#6 [internal function]: Illuminate\\Database\\Console\\Migrations\\FreshCommand->handle()
#7 C:\\Users\\capstonestudent\\Documents\\Thesis PN2020-B\\BBOHRSystem\\vendor\\laravel\\framework\\src\\Illuminate\\Container\\BoundMethod.php(32): call_user_func_array(Array, Array)
#8 C:\\Users\\capstonestudent\\Documents\\Thesis PN2020-B\\BBOHRSystem\\vendor\\laravel\\framework\\src\\Illuminate\\Container\\BoundMethod.php(90): Illuminate\\Container\\BoundMethod::Illuminate\\Container\\{closure}()
#9 C:\\Users\\capstonestudent\\Documents\\Thesis PN2020-B\\BBOHRSystem\\vendor\\laravel\\framework\\src\\Illuminate\\Container\\BoundMethod.php(34): Illuminate\\Container\\BoundMethod::callBoundMethod(Object(Illuminate\\Foundation\\Application), Array, Object(Closure))
#10 C:\\Users\\capstonestudent\\Documents\\Thesis PN2020-B\\BBOHRSystem\\vendor\\laravel\\framework\\src\\Illuminate\\Container\\Container.php(576): Illuminate\\Container\\BoundMethod::call(Object(Illuminate\\Foundation\\Application), Array, Array, NULL)
#11 C:\\Users\\capstonestudent\\Documents\\Thesis PN2020-B\\BBOHRSystem\\vendor\\laravel\\framework\\src\\Illuminate\\Console\\Command.php(183): Illuminate\\Container\\Container->call(Array)
#12 C:\\Users\\capstonestudent\\Documents\\Thesis PN2020-B\\BBOHRSystem\\vendor\\symfony\\console\\Command\\Command.php(255): Illuminate\\Console\\Command->execute(Object(Symfony\\Component\\Console\\Input\\ArgvInput), Object(Illuminate\\Console\\OutputStyle))
#13 C:\\Users\\capstonestudent\\Documents\\Thesis PN2020-B\\BBOHRSystem\\vendor\\laravel\\framework\\src\\Illuminate\\Console\\Command.php(170): Symfony\\Component\\Console\\Command\\Command->run(Object(Symfony\\Component\\Console\\Input\\ArgvInput), Object(Illuminate\\Console\\OutputStyle))
#14 C:\\Users\\capstonestudent\\Documents\\Thesis PN2020-B\\BBOHRSystem\\vendor\\symfony\\console\\Application.php(1000): Illuminate\\Console\\Command->run(Object(Symfony\\Component\\Console\\Input\\ArgvInput), Object(Symfony\\Component\\Console\\Output\\ConsoleOutput))
#15 C:\\Users\\capstonestudent\\Documents\\Thesis PN2020-B\\BBOHRSystem\\vendor\\symfony\\console\\Application.php(271): Symfony\\Component\\Console\\Application->doRunCommand(Object(Illuminate\\Database\\Console\\Migrations\\FreshCommand), Object(Symfony\\Component\\Console\\Input\\ArgvInput), Object(Symfony\\Component\\Console\\Output\\ConsoleOutput))
#16 C:\\Users\\capstonestudent\\Documents\\Thesis PN2020-B\\BBOHRSystem\\vendor\\symfony\\console\\Application.php(147): Symfony\\Component\\Console\\Application->doRun(Object(Symfony\\Component\\Console\\Input\\ArgvInput), Object(Symfony\\Component\\Console\\Output\\ConsoleOutput))
#17 C:\\Users\\capstonestudent\\Documents\\Thesis PN2020-B\\BBOHRSystem\\vendor\\laravel\\framework\\src\\Illuminate\\Console\\Application.php(90): Symfony\\Component\\Console\\Application->run(Object(Symfony\\Component\\Console\\Input\\ArgvInput), Object(Symfony\\Component\\Console\\Output\\ConsoleOutput))
#18 C:\\Users\\capstonestudent\\Documents\\Thesis PN2020-B\\BBOHRSystem\\vendor\\laravel\\framework\\src\\Illuminate\\Foundation\\Console\\Kernel.php(133): Illuminate\\Console\\Application->run(Object(Symfony\\Component\\Console\\Input\\ArgvInput), Object(Symfony\\Component\\Console\\Output\\ConsoleOutput))
#19 C:\\Users\\capstonestudent\\Documents\\Thesis PN2020-B\\BBOHRSystem\\artisan(37): Illuminate\\Foundation\\Console\\Kernel->handle(Object(Symfony\\Component\\Console\\Input\\ArgvInput), Object(Symfony\\Component\\Console\\Output\\ConsoleOutput))
#20 {main}
"} 
[2020-10-01 09:20:11] production.ERROR: SQLSTATE[HY000] [1044] Access denied for user ''@'localhost' to database 'forge' (SQL: select * from information_schema.tables where table_schema = forge and table_name = migrations and table_type = 'BASE TABLE') {"exception":"[object] (Illuminate\\Database\\QueryException(code: 1044): SQLSTATE[HY000] [1044] Access denied for user ''@'localhost' to database 'forge' (SQL: select * from information_schema.tables where table_schema = forge and table_name = migrations and table_type = 'BASE TABLE') at C:\\Users\\capstonestudent\\Documents\\Thesis PN2020-B\\BBOHRSystem\\vendor\\laravel\\framework\\src\\Illuminate\\Database\\Connection.php:664, PDOException(code: 1044): SQLSTATE[HY000] [1044] Access denied for user ''@'localhost' to database 'forge' at C:\\Users\\capstonestudent\\Documents\\Thesis PN2020-B\\BBOHRSystem\\vendor\\laravel\\framework\\src\\Illuminate\\Database\\Connectors\\Connector.php:70)
[stacktrace]
#0 C:\\Users\\capstonestudent\\Documents\\Thesis PN2020-B\\BBOHRSystem\\vendor\\laravel\\framework\\src\\Illuminate\\Database\\Connection.php(624): Illuminate\\Database\\Connection->runQueryCallback('select * from i...', Array, Object(Closure))
#1 C:\\Users\\capstonestudent\\Documents\\Thesis PN2020-B\\BBOHRSystem\\vendor\\laravel\\framework\\src\\Illuminate\\Database\\Connection.php(333): Illuminate\\Database\\Connection->run('select * from i...', Array, Object(Closure))
#2 C:\\Users\\capstonestudent\\Documents\\Thesis PN2020-B\\BBOHRSystem\\vendor\\laravel\\framework\\src\\Illuminate\\Database\\Schema\\MySqlBuilder.php(18): Illuminate\\Database\\Connection->select('select * from i...', Array)
#3 C:\\Users\\capstonestudent\\Documents\\Thesis PN2020-B\\BBOHRSystem\\vendor\\laravel\\framework\\src\\Illuminate\\Database\\Migrations\\DatabaseMigrationRepository.php(169): Illuminate\\Database\\Schema\\MySqlBuilder->hasTable('migrations')
#4 C:\\Users\\capstonestudent\\Documents\\Thesis PN2020-B\\BBOHRSystem\\vendor\\laravel\\framework\\src\\Illuminate\\Database\\Migrations\\Migrator.php(585): Illuminate\\Database\\Migrations\\DatabaseMigrationRepository->repositoryExists()
#5 C:\\Users\\capstonestudent\\Documents\\Thesis PN2020-B\\BBOHRSystem\\vendor\\laravel\\framework\\src\\Illuminate\\Database\\Console\\Migrations\\MigrateCommand.php(91): Illuminate\\Database\\Migrations\\Migrator->repositoryExists()
#6 C:\\Users\\capstonestudent\\Documents\\Thesis PN2020-B\\BBOHRSystem\\vendor\\laravel\\framework\\src\\Illuminate\\Database\\Console\\Migrations\\MigrateCommand.php(63): Illuminate\\Database\\Console\\Migrations\\MigrateCommand->prepareDatabase()
#7 [internal function]: Illuminate\\Database\\Console\\Migrations\\MigrateCommand->handle()
#8 C:\\Users\\capstonestudent\\Documents\\Thesis PN2020-B\\BBOHRSystem\\vendor\\laravel\\framework\\src\\Illuminate\\Container\\BoundMethod.php(32): call_user_func_array(Array, Array)
#9 C:\\Users\\capstonestudent\\Documents\\Thesis PN2020-B\\BBOHRSystem\\vendor\\laravel\\framework\\src\\Illuminate\\Container\\BoundMethod.php(90): Illuminate\\Container\\BoundMethod::Illuminate\\Container\\{closure}()
#10 C:\\Users\\capstonestudent\\Documents\\Thesis PN2020-B\\BBOHRSystem\\vendor\\laravel\\framework\\src\\Illuminate\\Container\\BoundMethod.php(34): Illuminate\\Container\\BoundMethod::callBoundMethod(Object(Illuminate\\Foundation\\Application), Array, Object(Closure))
#11 C:\\Users\\capstonestudent\\Documents\\Thesis PN2020-B\\BBOHRSystem\\vendor\\laravel\\framework\\src\\Illuminate\\Container\\Container.php(576): Illuminate\\Container\\BoundMethod::call(Object(Illuminate\\Foundation\\Application), Array, Array, NULL)
#12 C:\\Users\\capstonestudent\\Documents\\Thesis PN2020-B\\BBOHRSystem\\vendor\\laravel\\framework\\src\\Illuminate\\Console\\Command.php(183): Illuminate\\Container\\Container->call(Array)
#13 C:\\Users\\capstonestudent\\Documents\\Thesis PN2020-B\\BBOHRSystem\\vendor\\symfony\\console\\Command\\Command.php(255): Illuminate\\Console\\Command->execute(Object(Symfony\\Component\\Console\\Input\\ArgvInput), Object(Illuminate\\Console\\OutputStyle))
#14 C:\\Users\\capstonestudent\\Documents\\Thesis PN2020-B\\BBOHRSystem\\vendor\\laravel\\framework\\src\\Illuminate\\Console\\Command.php(170): Symfony\\Component\\Console\\Command\\Command->run(Object(Symfony\\Component\\Console\\Input\\ArgvInput), Object(Illuminate\\Console\\OutputStyle))
#15 C:\\Users\\capstonestudent\\Documents\\Thesis PN2020-B\\BBOHRSystem\\vendor\\symfony\\console\\Application.php(1000): Illuminate\\Console\\Command->run(Object(Symfony\\Component\\Console\\Input\\ArgvInput), Object(Symfony\\Component\\Console\\Output\\ConsoleOutput))
#16 C:\\Users\\capstonestudent\\Documents\\Thesis PN2020-B\\BBOHRSystem\\vendor\\symfony\\console\\Application.php(271): Symfony\\Component\\Console\\Application->doRunCommand(Object(Illuminate\\Database\\Console\\Migrations\\MigrateCommand), Object(Symfony\\Component\\Console\\Input\\ArgvInput), Object(Symfony\\Component\\Console\\Output\\ConsoleOutput))
#17 C:\\Users\\capstonestudent\\Documents\\Thesis PN2020-B\\BBOHRSystem\\vendor\\symfony\\console\\Application.php(147): Symfony\\Component\\Console\\Application->doRun(Object(Symfony\\Component\\Console\\Input\\ArgvInput), Object(Symfony\\Component\\Console\\Output\\ConsoleOutput))
#18 C:\\Users\\capstonestudent\\Documents\\Thesis PN2020-B\\BBOHRSystem\\vendor\\laravel\\framework\\src\\Illuminate\\Console\\Application.php(90): Symfony\\Component\\Console\\Application->run(Object(Symfony\\Component\\Console\\Input\\ArgvInput), Object(Symfony\\Component\\Console\\Output\\ConsoleOutput))
#19 C:\\Users\\capstonestudent\\Documents\\Thesis PN2020-B\\BBOHRSystem\\vendor\\laravel\\framework\\src\\Illuminate\\Foundation\\Console\\Kernel.php(133): Illuminate\\Console\\Application->run(Object(Symfony\\Component\\Console\\Input\\ArgvInput), Object(Symfony\\Component\\Console\\Output\\ConsoleOutput))
#20 C:\\Users\\capstonestudent\\Documents\\Thesis PN2020-B\\BBOHRSystem\\artisan(37): Illuminate\\Foundation\\Console\\Kernel->handle(Object(Symfony\\Component\\Console\\Input\\ArgvInput), Object(Symfony\\Component\\Console\\Output\\ConsoleOutput))
#21 {main}
"} 
[2020-10-01 09:20:35] production.ERROR: SQLSTATE[HY000] [1044] Access denied for user ''@'localhost' to database 'forge' (SQL: select * from information_schema.tables where table_schema = forge and table_name = migrations and table_type = 'BASE TABLE') {"exception":"[object] (Illuminate\\Database\\QueryException(code: 1044): SQLSTATE[HY000] [1044] Access denied for user ''@'localhost' to database 'forge' (SQL: select * from information_schema.tables where table_schema = forge and table_name = migrations and table_type = 'BASE TABLE') at C:\\Users\\capstonestudent\\Documents\\Thesis PN2020-B\\BBOHRSystem\\vendor\\laravel\\framework\\src\\Illuminate\\Database\\Connection.php:664, PDOException(code: 1044): SQLSTATE[HY000] [1044] Access denied for user ''@'localhost' to database 'forge' at C:\\Users\\capstonestudent\\Documents\\Thesis PN2020-B\\BBOHRSystem\\vendor\\laravel\\framework\\src\\Illuminate\\Database\\Connectors\\Connector.php:70)
[stacktrace]
#0 C:\\Users\\capstonestudent\\Documents\\Thesis PN2020-B\\BBOHRSystem\\vendor\\laravel\\framework\\src\\Illuminate\\Database\\Connection.php(624): Illuminate\\Database\\Connection->runQueryCallback('select * from i...', Array, Object(Closure))
#1 C:\\Users\\capstonestudent\\Documents\\Thesis PN2020-B\\BBOHRSystem\\vendor\\laravel\\framework\\src\\Illuminate\\Database\\Connection.php(333): Illuminate\\Database\\Connection->run('select * from i...', Array, Object(Closure))
#2 C:\\Users\\capstonestudent\\Documents\\Thesis PN2020-B\\BBOHRSystem\\vendor\\laravel\\framework\\src\\Illuminate\\Database\\Schema\\MySqlBuilder.php(18): Illuminate\\Database\\Connection->select('select * from i...', Array)
#3 C:\\Users\\capstonestudent\\Documents\\Thesis PN2020-B\\BBOHRSystem\\vendor\\laravel\\framework\\src\\Illuminate\\Database\\Migrations\\DatabaseMigrationRepository.php(169): Illuminate\\Database\\Schema\\MySqlBuilder->hasTable('migrations')
#4 C:\\Users\\capstonestudent\\Documents\\Thesis PN2020-B\\BBOHRSystem\\vendor\\laravel\\framework\\src\\Illuminate\\Database\\Migrations\\Migrator.php(585): Illuminate\\Database\\Migrations\\DatabaseMigrationRepository->repositoryExists()
#5 C:\\Users\\capstonestudent\\Documents\\Thesis PN2020-B\\BBOHRSystem\\vendor\\laravel\\framework\\src\\Illuminate\\Database\\Console\\Migrations\\MigrateCommand.php(91): Illuminate\\Database\\Migrations\\Migrator->repositoryExists()
#6 C:\\Users\\capstonestudent\\Documents\\Thesis PN2020-B\\BBOHRSystem\\vendor\\laravel\\framework\\src\\Illuminate\\Database\\Console\\Migrations\\MigrateCommand.php(63): Illuminate\\Database\\Console\\Migrations\\MigrateCommand->prepareDatabase()
#7 [internal function]: Illuminate\\Database\\Console\\Migrations\\MigrateCommand->handle()
#8 C:\\Users\\capstonestudent\\Documents\\Thesis PN2020-B\\BBOHRSystem\\vendor\\laravel\\framework\\src\\Illuminate\\Container\\BoundMethod.php(32): call_user_func_array(Array, Array)
#9 C:\\Users\\capstonestudent\\Documents\\Thesis PN2020-B\\BBOHRSystem\\vendor\\laravel\\framework\\src\\Illuminate\\Container\\BoundMethod.php(90): Illuminate\\Container\\BoundMethod::Illuminate\\Container\\{closure}()
#10 C:\\Users\\capstonestudent\\Documents\\Thesis PN2020-B\\BBOHRSystem\\vendor\\laravel\\framework\\src\\Illuminate\\Container\\BoundMethod.php(34): Illuminate\\Container\\BoundMethod::callBoundMethod(Object(Illuminate\\Foundation\\Application), Array, Object(Closure))
#11 C:\\Users\\capstonestudent\\Documents\\Thesis PN2020-B\\BBOHRSystem\\vendor\\laravel\\framework\\src\\Illuminate\\Container\\Container.php(576): Illuminate\\Container\\BoundMethod::call(Object(Illuminate\\Foundation\\Application), Array, Array, NULL)
#12 C:\\Users\\capstonestudent\\Documents\\Thesis PN2020-B\\BBOHRSystem\\vendor\\laravel\\framework\\src\\Illuminate\\Console\\Command.php(183): Illuminate\\Container\\Container->call(Array)
#13 C:\\Users\\capstonestudent\\Documents\\Thesis PN2020-B\\BBOHRSystem\\vendor\\symfony\\console\\Command\\Command.php(255): Illuminate\\Console\\Command->execute(Object(Symfony\\Component\\Console\\Input\\ArgvInput), Object(Illuminate\\Console\\OutputStyle))
#14 C:\\Users\\capstonestudent\\Documents\\Thesis PN2020-B\\BBOHRSystem\\vendor\\laravel\\framework\\src\\Illuminate\\Console\\Command.php(170): Symfony\\Component\\Console\\Command\\Command->run(Object(Symfony\\Component\\Console\\Input\\ArgvInput), Object(Illuminate\\Console\\OutputStyle))
#15 C:\\Users\\capstonestudent\\Documents\\Thesis PN2020-B\\BBOHRSystem\\vendor\\symfony\\console\\Application.php(1000): Illuminate\\Console\\Command->run(Object(Symfony\\Component\\Console\\Input\\ArgvInput), Object(Symfony\\Component\\Console\\Output\\ConsoleOutput))
#16 C:\\Users\\capstonestudent\\Documents\\Thesis PN2020-B\\BBOHRSystem\\vendor\\symfony\\console\\Application.php(271): Symfony\\Component\\Console\\Application->doRunCommand(Object(Illuminate\\Database\\Console\\Migrations\\MigrateCommand), Object(Symfony\\Component\\Console\\Input\\ArgvInput), Object(Symfony\\Component\\Console\\Output\\ConsoleOutput))
#17 C:\\Users\\capstonestudent\\Documents\\Thesis PN2020-B\\BBOHRSystem\\vendor\\symfony\\console\\Application.php(147): Symfony\\Component\\Console\\Application->doRun(Object(Symfony\\Component\\Console\\Input\\ArgvInput), Object(Symfony\\Component\\Console\\Output\\ConsoleOutput))
#18 C:\\Users\\capstonestudent\\Documents\\Thesis PN2020-B\\BBOHRSystem\\vendor\\laravel\\framework\\src\\Illuminate\\Console\\Application.php(90): Symfony\\Component\\Console\\Application->run(Object(Symfony\\Component\\Console\\Input\\ArgvInput), Object(Symfony\\Component\\Console\\Output\\ConsoleOutput))
#19 C:\\Users\\capstonestudent\\Documents\\Thesis PN2020-B\\BBOHRSystem\\vendor\\laravel\\framework\\src\\Illuminate\\Foundation\\Console\\Kernel.php(133): Illuminate\\Console\\Application->run(Object(Symfony\\Component\\Console\\Input\\ArgvInput), Object(Symfony\\Component\\Console\\Output\\ConsoleOutput))
#20 C:\\Users\\capstonestudent\\Documents\\Thesis PN2020-B\\BBOHRSystem\\artisan(37): Illuminate\\Foundation\\Console\\Kernel->handle(Object(Symfony\\Component\\Console\\Input\\ArgvInput), Object(Symfony\\Component\\Console\\Output\\ConsoleOutput))
#21 {main}
"} 
[2020-10-01 09:22:42] production.ERROR: SQLSTATE[HY000] [1044] Access denied for user ''@'localhost' to database 'forge' (SQL: SHOW FULL TABLES WHERE table_type = 'BASE TABLE') {"exception":"[object] (Illuminate\\Database\\QueryException(code: 1044): SQLSTATE[HY000] [1044] Access denied for user ''@'localhost' to database 'forge' (SQL: SHOW FULL TABLES WHERE table_type = 'BASE TABLE') at C:\\Users\\capstonestudent\\Documents\\Thesis PN2020-B\\BBOHRSystem\\vendor\\laravel\\framework\\src\\Illuminate\\Database\\Connection.php:664, PDOException(code: 1044): SQLSTATE[HY000] [1044] Access denied for user ''@'localhost' to database 'forge' at C:\\Users\\capstonestudent\\Documents\\Thesis PN2020-B\\BBOHRSystem\\vendor\\laravel\\framework\\src\\Illuminate\\Database\\Connectors\\Connector.php:70)
[stacktrace]
#0 C:\\Users\\capstonestudent\\Documents\\Thesis PN2020-B\\BBOHRSystem\\vendor\\laravel\\framework\\src\\Illuminate\\Database\\Connection.php(624): Illuminate\\Database\\Connection->runQueryCallback('SHOW FULL TABLE...', Array, Object(Closure))
#1 C:\\Users\\capstonestudent\\Documents\\Thesis PN2020-B\\BBOHRSystem\\vendor\\laravel\\framework\\src\\Illuminate\\Database\\Connection.php(333): Illuminate\\Database\\Connection->run('SHOW FULL TABLE...', Array, Object(Closure))
#2 C:\\Users\\capstonestudent\\Documents\\Thesis PN2020-B\\BBOHRSystem\\vendor\\laravel\\framework\\src\\Illuminate\\Database\\Schema\\MySqlBuilder.php(99): Illuminate\\Database\\Connection->select('SHOW FULL TABLE...')
#3 C:\\Users\\capstonestudent\\Documents\\Thesis PN2020-B\\BBOHRSystem\\vendor\\laravel\\framework\\src\\Illuminate\\Database\\Schema\\MySqlBuilder.php(48): Illuminate\\Database\\Schema\\MySqlBuilder->getAllTables()
#4 C:\\Users\\capstonestudent\\Documents\\Thesis PN2020-B\\BBOHRSystem\\vendor\\laravel\\framework\\src\\Illuminate\\Database\\Console\\Migrations\\FreshCommand.php(79): Illuminate\\Database\\Schema\\MySqlBuilder->dropAllTables()
#5 C:\\Users\\capstonestudent\\Documents\\Thesis PN2020-B\\BBOHRSystem\\vendor\\laravel\\framework\\src\\Illuminate\\Database\\Console\\Migrations\\FreshCommand.php(46): Illuminate\\Database\\Console\\Migrations\\FreshCommand->dropAllTables(NULL)
#6 [internal function]: Illuminate\\Database\\Console\\Migrations\\FreshCommand->handle()
#7 C:\\Users\\capstonestudent\\Documents\\Thesis PN2020-B\\BBOHRSystem\\vendor\\laravel\\framework\\src\\Illuminate\\Container\\BoundMethod.php(32): call_user_func_array(Array, Array)
#8 C:\\Users\\capstonestudent\\Documents\\Thesis PN2020-B\\BBOHRSystem\\vendor\\laravel\\framework\\src\\Illuminate\\Container\\BoundMethod.php(90): Illuminate\\Container\\BoundMethod::Illuminate\\Container\\{closure}()
#9 C:\\Users\\capstonestudent\\Documents\\Thesis PN2020-B\\BBOHRSystem\\vendor\\laravel\\framework\\src\\Illuminate\\Container\\BoundMethod.php(34): Illuminate\\Container\\BoundMethod::callBoundMethod(Object(Illuminate\\Foundation\\Application), Array, Object(Closure))
#10 C:\\Users\\capstonestudent\\Documents\\Thesis PN2020-B\\BBOHRSystem\\vendor\\laravel\\framework\\src\\Illuminate\\Container\\Container.php(576): Illuminate\\Container\\BoundMethod::call(Object(Illuminate\\Foundation\\Application), Array, Array, NULL)
#11 C:\\Users\\capstonestudent\\Documents\\Thesis PN2020-B\\BBOHRSystem\\vendor\\laravel\\framework\\src\\Illuminate\\Console\\Command.php(183): Illuminate\\Container\\Container->call(Array)
#12 C:\\Users\\capstonestudent\\Documents\\Thesis PN2020-B\\BBOHRSystem\\vendor\\symfony\\console\\Command\\Command.php(255): Illuminate\\Console\\Command->execute(Object(Symfony\\Component\\Console\\Input\\ArgvInput), Object(Illuminate\\Console\\OutputStyle))
#13 C:\\Users\\capstonestudent\\Documents\\Thesis PN2020-B\\BBOHRSystem\\vendor\\laravel\\framework\\src\\Illuminate\\Console\\Command.php(170): Symfony\\Component\\Console\\Command\\Command->run(Object(Symfony\\Component\\Console\\Input\\ArgvInput), Object(Illuminate\\Console\\OutputStyle))
#14 C:\\Users\\capstonestudent\\Documents\\Thesis PN2020-B\\BBOHRSystem\\vendor\\symfony\\console\\Application.php(1000): Illuminate\\Console\\Command->run(Object(Symfony\\Component\\Console\\Input\\ArgvInput), Object(Symfony\\Component\\Console\\Output\\ConsoleOutput))
#15 C:\\Users\\capstonestudent\\Documents\\Thesis PN2020-B\\BBOHRSystem\\vendor\\symfony\\console\\Application.php(271): Symfony\\Component\\Console\\Application->doRunCommand(Object(Illuminate\\Database\\Console\\Migrations\\FreshCommand), Object(Symfony\\Component\\Console\\Input\\ArgvInput), Object(Symfony\\Component\\Console\\Output\\ConsoleOutput))
#16 C:\\Users\\capstonestudent\\Documents\\Thesis PN2020-B\\BBOHRSystem\\vendor\\symfony\\console\\Application.php(147): Symfony\\Component\\Console\\Application->doRun(Object(Symfony\\Component\\Console\\Input\\ArgvInput), Object(Symfony\\Component\\Console\\Output\\ConsoleOutput))
#17 C:\\Users\\capstonestudent\\Documents\\Thesis PN2020-B\\BBOHRSystem\\vendor\\laravel\\framework\\src\\Illuminate\\Console\\Application.php(90): Symfony\\Component\\Console\\Application->run(Object(Symfony\\Component\\Console\\Input\\ArgvInput), Object(Symfony\\Component\\Console\\Output\\ConsoleOutput))
#18 C:\\Users\\capstonestudent\\Documents\\Thesis PN2020-B\\BBOHRSystem\\vendor\\laravel\\framework\\src\\Illuminate\\Foundation\\Console\\Kernel.php(133): Illuminate\\Console\\Application->run(Object(Symfony\\Component\\Console\\Input\\ArgvInput), Object(Symfony\\Component\\Console\\Output\\ConsoleOutput))
#19 C:\\Users\\capstonestudent\\Documents\\Thesis PN2020-B\\BBOHRSystem\\artisan(37): Illuminate\\Foundation\\Console\\Kernel->handle(Object(Symfony\\Component\\Console\\Input\\ArgvInput), Object(Symfony\\Component\\Console\\Output\\ConsoleOutput))
#20 {main}
"} 
[2020-10-01 09:24:27] production.ERROR: SQLSTATE[HY000] [1044] Access denied for user ''@'localhost' to database 'forge' (SQL: select * from information_schema.tables where table_schema = forge and table_name = migrations and table_type = 'BASE TABLE') {"exception":"[object] (Illuminate\\Database\\QueryException(code: 1044): SQLSTATE[HY000] [1044] Access denied for user ''@'localhost' to database 'forge' (SQL: select * from information_schema.tables where table_schema = forge and table_name = migrations and table_type = 'BASE TABLE') at C:\\Users\\capstonestudent\\Documents\\Thesis PN2020-B\\BBOHRSystem\\vendor\\laravel\\framework\\src\\Illuminate\\Database\\Connection.php:664, PDOException(code: 1044): SQLSTATE[HY000] [1044] Access denied for user ''@'localhost' to database 'forge' at C:\\Users\\capstonestudent\\Documents\\Thesis PN2020-B\\BBOHRSystem\\vendor\\laravel\\framework\\src\\Illuminate\\Database\\Connectors\\Connector.php:70)
[stacktrace]
#0 C:\\Users\\capstonestudent\\Documents\\Thesis PN2020-B\\BBOHRSystem\\vendor\\laravel\\framework\\src\\Illuminate\\Database\\Connection.php(624): Illuminate\\Database\\Connection->runQueryCallback('select * from i...', Array, Object(Closure))
#1 C:\\Users\\capstonestudent\\Documents\\Thesis PN2020-B\\BBOHRSystem\\vendor\\laravel\\framework\\src\\Illuminate\\Database\\Connection.php(333): Illuminate\\Database\\Connection->run('select * from i...', Array, Object(Closure))
#2 C:\\Users\\capstonestudent\\Documents\\Thesis PN2020-B\\BBOHRSystem\\vendor\\laravel\\framework\\src\\Illuminate\\Database\\Schema\\MySqlBuilder.php(18): Illuminate\\Database\\Connection->select('select * from i...', Array)
#3 C:\\Users\\capstonestudent\\Documents\\Thesis PN2020-B\\BBOHRSystem\\vendor\\laravel\\framework\\src\\Illuminate\\Database\\Migrations\\DatabaseMigrationRepository.php(169): Illuminate\\Database\\Schema\\MySqlBuilder->hasTable('migrations')
#4 C:\\Users\\capstonestudent\\Documents\\Thesis PN2020-B\\BBOHRSystem\\vendor\\laravel\\framework\\src\\Illuminate\\Database\\Migrations\\Migrator.php(585): Illuminate\\Database\\Migrations\\DatabaseMigrationRepository->repositoryExists()
#5 C:\\Users\\capstonestudent\\Documents\\Thesis PN2020-B\\BBOHRSystem\\vendor\\laravel\\framework\\src\\Illuminate\\Database\\Console\\Migrations\\MigrateCommand.php(91): Illuminate\\Database\\Migrations\\Migrator->repositoryExists()
#6 C:\\Users\\capstonestudent\\Documents\\Thesis PN2020-B\\BBOHRSystem\\vendor\\laravel\\framework\\src\\Illuminate\\Database\\Console\\Migrations\\MigrateCommand.php(63): Illuminate\\Database\\Console\\Migrations\\MigrateCommand->prepareDatabase()
#7 [internal function]: Illuminate\\Database\\Console\\Migrations\\MigrateCommand->handle()
#8 C:\\Users\\capstonestudent\\Documents\\Thesis PN2020-B\\BBOHRSystem\\vendor\\laravel\\framework\\src\\Illuminate\\Container\\BoundMethod.php(32): call_user_func_array(Array, Array)
#9 C:\\Users\\capstonestudent\\Documents\\Thesis PN2020-B\\BBOHRSystem\\vendor\\laravel\\framework\\src\\Illuminate\\Container\\BoundMethod.php(90): Illuminate\\Container\\BoundMethod::Illuminate\\Container\\{closure}()
#10 C:\\Users\\capstonestudent\\Documents\\Thesis PN2020-B\\BBOHRSystem\\vendor\\laravel\\framework\\src\\Illuminate\\Container\\BoundMethod.php(34): Illuminate\\Container\\BoundMethod::callBoundMethod(Object(Illuminate\\Foundation\\Application), Array, Object(Closure))
#11 C:\\Users\\capstonestudent\\Documents\\Thesis PN2020-B\\BBOHRSystem\\vendor\\laravel\\framework\\src\\Illuminate\\Container\\Container.php(576): Illuminate\\Container\\BoundMethod::call(Object(Illuminate\\Foundation\\Application), Array, Array, NULL)
#12 C:\\Users\\capstonestudent\\Documents\\Thesis PN2020-B\\BBOHRSystem\\vendor\\laravel\\framework\\src\\Illuminate\\Console\\Command.php(183): Illuminate\\Container\\Container->call(Array)
#13 C:\\Users\\capstonestudent\\Documents\\Thesis PN2020-B\\BBOHRSystem\\vendor\\symfony\\console\\Command\\Command.php(255): Illuminate\\Console\\Command->execute(Object(Symfony\\Component\\Console\\Input\\ArgvInput), Object(Illuminate\\Console\\OutputStyle))
#14 C:\\Users\\capstonestudent\\Documents\\Thesis PN2020-B\\BBOHRSystem\\vendor\\laravel\\framework\\src\\Illuminate\\Console\\Command.php(170): Symfony\\Component\\Console\\Command\\Command->run(Object(Symfony\\Component\\Console\\Input\\ArgvInput), Object(Illuminate\\Console\\OutputStyle))
#15 C:\\Users\\capstonestudent\\Documents\\Thesis PN2020-B\\BBOHRSystem\\vendor\\symfony\\console\\Application.php(1000): Illuminate\\Console\\Command->run(Object(Symfony\\Component\\Console\\Input\\ArgvInput), Object(Symfony\\Component\\Console\\Output\\ConsoleOutput))
#16 C:\\Users\\capstonestudent\\Documents\\Thesis PN2020-B\\BBOHRSystem\\vendor\\symfony\\console\\Application.php(271): Symfony\\Component\\Console\\Application->doRunCommand(Object(Illuminate\\Database\\Console\\Migrations\\MigrateCommand), Object(Symfony\\Component\\Console\\Input\\ArgvInput), Object(Symfony\\Component\\Console\\Output\\ConsoleOutput))
#17 C:\\Users\\capstonestudent\\Documents\\Thesis PN2020-B\\BBOHRSystem\\vendor\\symfony\\console\\Application.php(147): Symfony\\Component\\Console\\Application->doRun(Object(Symfony\\Component\\Console\\Input\\ArgvInput), Object(Symfony\\Component\\Console\\Output\\ConsoleOutput))
#18 C:\\Users\\capstonestudent\\Documents\\Thesis PN2020-B\\BBOHRSystem\\vendor\\laravel\\framework\\src\\Illuminate\\Console\\Application.php(90): Symfony\\Component\\Console\\Application->run(Object(Symfony\\Component\\Console\\Input\\ArgvInput), Object(Symfony\\Component\\Console\\Output\\ConsoleOutput))
#19 C:\\Users\\capstonestudent\\Documents\\Thesis PN2020-B\\BBOHRSystem\\vendor\\laravel\\framework\\src\\Illuminate\\Foundation\\Console\\Kernel.php(133): Illuminate\\Console\\Application->run(Object(Symfony\\Component\\Console\\Input\\ArgvInput), Object(Symfony\\Component\\Console\\Output\\ConsoleOutput))
#20 C:\\Users\\capstonestudent\\Documents\\Thesis PN2020-B\\BBOHRSystem\\artisan(37): Illuminate\\Foundation\\Console\\Kernel->handle(Object(Symfony\\Component\\Console\\Input\\ArgvInput), Object(Symfony\\Component\\Console\\Output\\ConsoleOutput))
#21 {main}
"} 
[2020-10-01 09:37:13] local.ERROR: SQLSTATE[HY000]: General error: 1005 Can't create table `bborequest`.`#sql-7300_78` (errno: 150 "Foreign key constraint is incorrectly formed") (SQL: alter table `users` add constraint `users_role_id_foreign` foreign key (`role_id`) references `roles` (`id`)) {"exception":"[object] (Illuminate\\Database\\QueryException(code: HY000): SQLSTATE[HY000]: General error: 1005 Can't create table `bborequest`.`#sql-7300_78` (errno: 150 \"Foreign key constraint is incorrectly formed\") (SQL: alter table `users` add constraint `users_role_id_foreign` foreign key (`role_id`) references `roles` (`id`)) at C:\\Users\\capstonestudent\\Documents\\Thesis PN2020-B\\BBOHRSystem\\vendor\\laravel\\framework\\src\\Illuminate\\Database\\Connection.php:664, PDOException(code: HY000): SQLSTATE[HY000]: General error: 1005 Can't create table `bborequest`.`#sql-7300_78` (errno: 150 \"Foreign key constraint is incorrectly formed\") at C:\\Users\\capstonestudent\\Documents\\Thesis PN2020-B\\BBOHRSystem\\vendor\\laravel\\framework\\src\\Illuminate\\Database\\Connection.php:458)
[stacktrace]
#0 C:\\Users\\capstonestudent\\Documents\\Thesis PN2020-B\\BBOHRSystem\\vendor\\laravel\\framework\\src\\Illuminate\\Database\\Connection.php(624): Illuminate\\Database\\Connection->runQueryCallback('alter table `us...', Array, Object(Closure))
#1 C:\\Users\\capstonestudent\\Documents\\Thesis PN2020-B\\BBOHRSystem\\vendor\\laravel\\framework\\src\\Illuminate\\Database\\Connection.php(459): Illuminate\\Database\\Connection->run('alter table `us...', Array, Object(Closure))
#2 C:\\Users\\capstonestudent\\Documents\\Thesis PN2020-B\\BBOHRSystem\\vendor\\laravel\\framework\\src\\Illuminate\\Database\\Schema\\Blueprint.php(97): Illuminate\\Database\\Connection->statement('alter table `us...')
#3 C:\\Users\\capstonestudent\\Documents\\Thesis PN2020-B\\BBOHRSystem\\vendor\\laravel\\framework\\src\\Illuminate\\Database\\Schema\\Builder.php(278): Illuminate\\Database\\Schema\\Blueprint->build(Object(Illuminate\\Database\\MySqlConnection), Object(Illuminate\\Database\\Schema\\Grammars\\MySqlGrammar))
#4 C:\\Users\\capstonestudent\\Documents\\Thesis PN2020-B\\BBOHRSystem\\vendor\\laravel\\framework\\src\\Illuminate\\Database\\Schema\\Builder.php(167): Illuminate\\Database\\Schema\\Builder->build(Object(Illuminate\\Database\\Schema\\Blueprint))
#5 C:\\Users\\capstonestudent\\Documents\\Thesis PN2020-B\\BBOHRSystem\\vendor\\laravel\\framework\\src\\Illuminate\\Support\\Facades\\Facade.php(239): Illuminate\\Database\\Schema\\Builder->create('users', Object(Closure))
#6 C:\\Users\\capstonestudent\\Documents\\Thesis PN2020-B\\BBOHRSystem\\database\\migrations\\2014_10_12_000000_create_users_table.php(27): Illuminate\\Support\\Facades\\Facade::__callStatic('create', Array)
#7 C:\\Users\\capstonestudent\\Documents\\Thesis PN2020-B\\BBOHRSystem\\vendor\\laravel\\framework\\src\\Illuminate\\Database\\Migrations\\Migrator.php(387): CreateUsersTable->up()
#8 C:\\Users\\capstonestudent\\Documents\\Thesis PN2020-B\\BBOHRSystem\\vendor\\laravel\\framework\\src\\Illuminate\\Database\\Migrations\\Migrator.php(396): Illuminate\\Database\\Migrations\\Migrator->Illuminate\\Database\\Migrations\\{closure}()
#9 C:\\Users\\capstonestudent\\Documents\\Thesis PN2020-B\\BBOHRSystem\\vendor\\laravel\\framework\\src\\Illuminate\\Database\\Migrations\\Migrator.php(197): Illuminate\\Database\\Migrations\\Migrator->runMigration(Object(CreateUsersTable), 'up')
#10 C:\\Users\\capstonestudent\\Documents\\Thesis PN2020-B\\BBOHRSystem\\vendor\\laravel\\framework\\src\\Illuminate\\Database\\Migrations\\Migrator.php(162): Illuminate\\Database\\Migrations\\Migrator->runUp('C:\\\\Users\\\\capsto...', 1, false)
#11 C:\\Users\\capstonestudent\\Documents\\Thesis PN2020-B\\BBOHRSystem\\vendor\\laravel\\framework\\src\\Illuminate\\Database\\Migrations\\Migrator.php(109): Illuminate\\Database\\Migrations\\Migrator->runPending(Array, Array)
#12 C:\\Users\\capstonestudent\\Documents\\Thesis PN2020-B\\BBOHRSystem\\vendor\\laravel\\framework\\src\\Illuminate\\Database\\Console\\Migrations\\MigrateCommand.php(71): Illuminate\\Database\\Migrations\\Migrator->run(Array, Array)
#13 [internal function]: Illuminate\\Database\\Console\\Migrations\\MigrateCommand->handle()
#14 C:\\Users\\capstonestudent\\Documents\\Thesis PN2020-B\\BBOHRSystem\\vendor\\laravel\\framework\\src\\Illuminate\\Container\\BoundMethod.php(32): call_user_func_array(Array, Array)
#15 C:\\Users\\capstonestudent\\Documents\\Thesis PN2020-B\\BBOHRSystem\\vendor\\laravel\\framework\\src\\Illuminate\\Container\\BoundMethod.php(90): Illuminate\\Container\\BoundMethod::Illuminate\\Container\\{closure}()
#16 C:\\Users\\capstonestudent\\Documents\\Thesis PN2020-B\\BBOHRSystem\\vendor\\laravel\\framework\\src\\Illuminate\\Container\\BoundMethod.php(34): Illuminate\\Container\\BoundMethod::callBoundMethod(Object(Illuminate\\Foundation\\Application), Array, Object(Closure))
#17 C:\\Users\\capstonestudent\\Documents\\Thesis PN2020-B\\BBOHRSystem\\vendor\\laravel\\framework\\src\\Illuminate\\Container\\Container.php(576): Illuminate\\Container\\BoundMethod::call(Object(Illuminate\\Foundation\\Application), Array, Array, NULL)
#18 C:\\Users\\capstonestudent\\Documents\\Thesis PN2020-B\\BBOHRSystem\\vendor\\laravel\\framework\\src\\Illuminate\\Console\\Command.php(183): Illuminate\\Container\\Container->call(Array)
#19 C:\\Users\\capstonestudent\\Documents\\Thesis PN2020-B\\BBOHRSystem\\vendor\\symfony\\console\\Command\\Command.php(255): Illuminate\\Console\\Command->execute(Object(Symfony\\Component\\Console\\Input\\ArgvInput), Object(Illuminate\\Console\\OutputStyle))
#20 C:\\Users\\capstonestudent\\Documents\\Thesis PN2020-B\\BBOHRSystem\\vendor\\laravel\\framework\\src\\Illuminate\\Console\\Command.php(170): Symfony\\Component\\Console\\Command\\Command->run(Object(Symfony\\Component\\Console\\Input\\ArgvInput), Object(Illuminate\\Console\\OutputStyle))
#21 C:\\Users\\capstonestudent\\Documents\\Thesis PN2020-B\\BBOHRSystem\\vendor\\symfony\\console\\Application.php(1000): Illuminate\\Console\\Command->run(Object(Symfony\\Component\\Console\\Input\\ArgvInput), Object(Symfony\\Component\\Console\\Output\\ConsoleOutput))
#22 C:\\Users\\capstonestudent\\Documents\\Thesis PN2020-B\\BBOHRSystem\\vendor\\symfony\\console\\Application.php(271): Symfony\\Component\\Console\\Application->doRunCommand(Object(Illuminate\\Database\\Console\\Migrations\\MigrateCommand), Object(Symfony\\Component\\Console\\Input\\ArgvInput), Object(Symfony\\Component\\Console\\Output\\ConsoleOutput))
#23 C:\\Users\\capstonestudent\\Documents\\Thesis PN2020-B\\BBOHRSystem\\vendor\\symfony\\console\\Application.php(147): Symfony\\Component\\Console\\Application->doRun(Object(Symfony\\Component\\Console\\Input\\ArgvInput), Object(Symfony\\Component\\Console\\Output\\ConsoleOutput))
#24 C:\\Users\\capstonestudent\\Documents\\Thesis PN2020-B\\BBOHRSystem\\vendor\\laravel\\framework\\src\\Illuminate\\Console\\Application.php(90): Symfony\\Component\\Console\\Application->run(Object(Symfony\\Component\\Console\\Input\\ArgvInput), Object(Symfony\\Component\\Console\\Output\\ConsoleOutput))
#25 C:\\Users\\capstonestudent\\Documents\\Thesis PN2020-B\\BBOHRSystem\\vendor\\laravel\\framework\\src\\Illuminate\\Foundation\\Console\\Kernel.php(133): Illuminate\\Console\\Application->run(Object(Symfony\\Component\\Console\\Input\\ArgvInput), Object(Symfony\\Component\\Console\\Output\\ConsoleOutput))
#26 C:\\Users\\capstonestudent\\Documents\\Thesis PN2020-B\\BBOHRSystem\\artisan(37): Illuminate\\Foundation\\Console\\Kernel->handle(Object(Symfony\\Component\\Console\\Input\\ArgvInput), Object(Symfony\\Component\\Console\\Output\\ConsoleOutput))
#27 {main}
"} 
[2020-10-01 09:42:58] local.ERROR: SQLSTATE[HY000] [1049] Unknown database 'bborequest' (SQL: SHOW FULL TABLES WHERE table_type = 'BASE TABLE') {"exception":"[object] (Illuminate\\Database\\QueryException(code: 1049): SQLSTATE[HY000] [1049] Unknown database 'bborequest' (SQL: SHOW FULL TABLES WHERE table_type = 'BASE TABLE') at C:\\Users\\capstonestudent\\Documents\\Thesis PN2020-B\\BBOHRSystem\\vendor\\laravel\\framework\\src\\Illuminate\\Database\\Connection.php:664, PDOException(code: 1049): SQLSTATE[HY000] [1049] Unknown database 'bborequest' at C:\\Users\\capstonestudent\\Documents\\Thesis PN2020-B\\BBOHRSystem\\vendor\\laravel\\framework\\src\\Illuminate\\Database\\Connectors\\Connector.php:70)
[stacktrace]
#0 C:\\Users\\capstonestudent\\Documents\\Thesis PN2020-B\\BBOHRSystem\\vendor\\laravel\\framework\\src\\Illuminate\\Database\\Connection.php(624): Illuminate\\Database\\Connection->runQueryCallback('SHOW FULL TABLE...', Array, Object(Closure))
#1 C:\\Users\\capstonestudent\\Documents\\Thesis PN2020-B\\BBOHRSystem\\vendor\\laravel\\framework\\src\\Illuminate\\Database\\Connection.php(333): Illuminate\\Database\\Connection->run('SHOW FULL TABLE...', Array, Object(Closure))
#2 C:\\Users\\capstonestudent\\Documents\\Thesis PN2020-B\\BBOHRSystem\\vendor\\laravel\\framework\\src\\Illuminate\\Database\\Schema\\MySqlBuilder.php(99): Illuminate\\Database\\Connection->select('SHOW FULL TABLE...')
#3 C:\\Users\\capstonestudent\\Documents\\Thesis PN2020-B\\BBOHRSystem\\vendor\\laravel\\framework\\src\\Illuminate\\Database\\Schema\\MySqlBuilder.php(48): Illuminate\\Database\\Schema\\MySqlBuilder->getAllTables()
#4 C:\\Users\\capstonestudent\\Documents\\Thesis PN2020-B\\BBOHRSystem\\vendor\\laravel\\framework\\src\\Illuminate\\Database\\Console\\Migrations\\FreshCommand.php(79): Illuminate\\Database\\Schema\\MySqlBuilder->dropAllTables()
#5 C:\\Users\\capstonestudent\\Documents\\Thesis PN2020-B\\BBOHRSystem\\vendor\\laravel\\framework\\src\\Illuminate\\Database\\Console\\Migrations\\FreshCommand.php(46): Illuminate\\Database\\Console\\Migrations\\FreshCommand->dropAllTables(NULL)
#6 [internal function]: Illuminate\\Database\\Console\\Migrations\\FreshCommand->handle()
#7 C:\\Users\\capstonestudent\\Documents\\Thesis PN2020-B\\BBOHRSystem\\vendor\\laravel\\framework\\src\\Illuminate\\Container\\BoundMethod.php(32): call_user_func_array(Array, Array)
#8 C:\\Users\\capstonestudent\\Documents\\Thesis PN2020-B\\BBOHRSystem\\vendor\\laravel\\framework\\src\\Illuminate\\Container\\BoundMethod.php(90): Illuminate\\Container\\BoundMethod::Illuminate\\Container\\{closure}()
#9 C:\\Users\\capstonestudent\\Documents\\Thesis PN2020-B\\BBOHRSystem\\vendor\\laravel\\framework\\src\\Illuminate\\Container\\BoundMethod.php(34): Illuminate\\Container\\BoundMethod::callBoundMethod(Object(Illuminate\\Foundation\\Application), Array, Object(Closure))
#10 C:\\Users\\capstonestudent\\Documents\\Thesis PN2020-B\\BBOHRSystem\\vendor\\laravel\\framework\\src\\Illuminate\\Container\\Container.php(576): Illuminate\\Container\\BoundMethod::call(Object(Illuminate\\Foundation\\Application), Array, Array, NULL)
#11 C:\\Users\\capstonestudent\\Documents\\Thesis PN2020-B\\BBOHRSystem\\vendor\\laravel\\framework\\src\\Illuminate\\Console\\Command.php(183): Illuminate\\Container\\Container->call(Array)
#12 C:\\Users\\capstonestudent\\Documents\\Thesis PN2020-B\\BBOHRSystem\\vendor\\symfony\\console\\Command\\Command.php(255): Illuminate\\Console\\Command->execute(Object(Symfony\\Component\\Console\\Input\\ArgvInput), Object(Illuminate\\Console\\OutputStyle))
#13 C:\\Users\\capstonestudent\\Documents\\Thesis PN2020-B\\BBOHRSystem\\vendor\\laravel\\framework\\src\\Illuminate\\Console\\Command.php(170): Symfony\\Component\\Console\\Command\\Command->run(Object(Symfony\\Component\\Console\\Input\\ArgvInput), Object(Illuminate\\Console\\OutputStyle))
#14 C:\\Users\\capstonestudent\\Documents\\Thesis PN2020-B\\BBOHRSystem\\vendor\\symfony\\console\\Application.php(1000): Illuminate\\Console\\Command->run(Object(Symfony\\Component\\Console\\Input\\ArgvInput), Object(Symfony\\Component\\Console\\Output\\ConsoleOutput))
#15 C:\\Users\\capstonestudent\\Documents\\Thesis PN2020-B\\BBOHRSystem\\vendor\\symfony\\console\\Application.php(271): Symfony\\Component\\Console\\Application->doRunCommand(Object(Illuminate\\Database\\Console\\Migrations\\FreshCommand), Object(Symfony\\Component\\Console\\Input\\ArgvInput), Object(Symfony\\Component\\Console\\Output\\ConsoleOutput))
#16 C:\\Users\\capstonestudent\\Documents\\Thesis PN2020-B\\BBOHRSystem\\vendor\\symfony\\console\\Application.php(147): Symfony\\Component\\Console\\Application->doRun(Object(Symfony\\Component\\Console\\Input\\ArgvInput), Object(Symfony\\Component\\Console\\Output\\ConsoleOutput))
#17 C:\\Users\\capstonestudent\\Documents\\Thesis PN2020-B\\BBOHRSystem\\vendor\\laravel\\framework\\src\\Illuminate\\Console\\Application.php(90): Symfony\\Component\\Console\\Application->run(Object(Symfony\\Component\\Console\\Input\\ArgvInput), Object(Symfony\\Component\\Console\\Output\\ConsoleOutput))
#18 C:\\Users\\capstonestudent\\Documents\\Thesis PN2020-B\\BBOHRSystem\\vendor\\laravel\\framework\\src\\Illuminate\\Foundation\\Console\\Kernel.php(133): Illuminate\\Console\\Application->run(Object(Symfony\\Component\\Console\\Input\\ArgvInput), Object(Symfony\\Component\\Console\\Output\\ConsoleOutput))
#19 C:\\Users\\capstonestudent\\Documents\\Thesis PN2020-B\\BBOHRSystem\\artisan(37): Illuminate\\Foundation\\Console\\Kernel->handle(Object(Symfony\\Component\\Console\\Input\\ArgvInput), Object(Symfony\\Component\\Console\\Output\\ConsoleOutput))
#20 {main}
"} 
[2020-10-01 09:43:21] local.ERROR: SQLSTATE[HY000] [1049] Unknown database 'bborequest' (SQL: select * from information_schema.tables where table_schema = BBORequest and table_name = migrations and table_type = 'BASE TABLE') {"exception":"[object] (Illuminate\\Database\\QueryException(code: 1049): SQLSTATE[HY000] [1049] Unknown database 'bborequest' (SQL: select * from information_schema.tables where table_schema = BBORequest and table_name = migrations and table_type = 'BASE TABLE') at C:\\Users\\capstonestudent\\Documents\\Thesis PN2020-B\\BBOHRSystem\\vendor\\laravel\\framework\\src\\Illuminate\\Database\\Connection.php:664, PDOException(code: 1049): SQLSTATE[HY000] [1049] Unknown database 'bborequest' at C:\\Users\\capstonestudent\\Documents\\Thesis PN2020-B\\BBOHRSystem\\vendor\\laravel\\framework\\src\\Illuminate\\Database\\Connectors\\Connector.php:70)
[stacktrace]
#0 C:\\Users\\capstonestudent\\Documents\\Thesis PN2020-B\\BBOHRSystem\\vendor\\laravel\\framework\\src\\Illuminate\\Database\\Connection.php(624): Illuminate\\Database\\Connection->runQueryCallback('select * from i...', Array, Object(Closure))
#1 C:\\Users\\capstonestudent\\Documents\\Thesis PN2020-B\\BBOHRSystem\\vendor\\laravel\\framework\\src\\Illuminate\\Database\\Connection.php(333): Illuminate\\Database\\Connection->run('select * from i...', Array, Object(Closure))
#2 C:\\Users\\capstonestudent\\Documents\\Thesis PN2020-B\\BBOHRSystem\\vendor\\laravel\\framework\\src\\Illuminate\\Database\\Schema\\MySqlBuilder.php(18): Illuminate\\Database\\Connection->select('select * from i...', Array)
#3 C:\\Users\\capstonestudent\\Documents\\Thesis PN2020-B\\BBOHRSystem\\vendor\\laravel\\framework\\src\\Illuminate\\Database\\Migrations\\DatabaseMigrationRepository.php(169): Illuminate\\Database\\Schema\\MySqlBuilder->hasTable('migrations')
#4 C:\\Users\\capstonestudent\\Documents\\Thesis PN2020-B\\BBOHRSystem\\vendor\\laravel\\framework\\src\\Illuminate\\Database\\Migrations\\Migrator.php(585): Illuminate\\Database\\Migrations\\DatabaseMigrationRepository->repositoryExists()
#5 C:\\Users\\capstonestudent\\Documents\\Thesis PN2020-B\\BBOHRSystem\\vendor\\laravel\\framework\\src\\Illuminate\\Database\\Console\\Migrations\\MigrateCommand.php(91): Illuminate\\Database\\Migrations\\Migrator->repositoryExists()
#6 C:\\Users\\capstonestudent\\Documents\\Thesis PN2020-B\\BBOHRSystem\\vendor\\laravel\\framework\\src\\Illuminate\\Database\\Console\\Migrations\\MigrateCommand.php(63): Illuminate\\Database\\Console\\Migrations\\MigrateCommand->prepareDatabase()
#7 [internal function]: Illuminate\\Database\\Console\\Migrations\\MigrateCommand->handle()
#8 C:\\Users\\capstonestudent\\Documents\\Thesis PN2020-B\\BBOHRSystem\\vendor\\laravel\\framework\\src\\Illuminate\\Container\\BoundMethod.php(32): call_user_func_array(Array, Array)
#9 C:\\Users\\capstonestudent\\Documents\\Thesis PN2020-B\\BBOHRSystem\\vendor\\laravel\\framework\\src\\Illuminate\\Container\\BoundMethod.php(90): Illuminate\\Container\\BoundMethod::Illuminate\\Container\\{closure}()
#10 C:\\Users\\capstonestudent\\Documents\\Thesis PN2020-B\\BBOHRSystem\\vendor\\laravel\\framework\\src\\Illuminate\\Container\\BoundMethod.php(34): Illuminate\\Container\\BoundMethod::callBoundMethod(Object(Illuminate\\Foundation\\Application), Array, Object(Closure))
#11 C:\\Users\\capstonestudent\\Documents\\Thesis PN2020-B\\BBOHRSystem\\vendor\\laravel\\framework\\src\\Illuminate\\Container\\Container.php(576): Illuminate\\Container\\BoundMethod::call(Object(Illuminate\\Foundation\\Application), Array, Array, NULL)
#12 C:\\Users\\capstonestudent\\Documents\\Thesis PN2020-B\\BBOHRSystem\\vendor\\laravel\\framework\\src\\Illuminate\\Console\\Command.php(183): Illuminate\\Container\\Container->call(Array)
#13 C:\\Users\\capstonestudent\\Documents\\Thesis PN2020-B\\BBOHRSystem\\vendor\\symfony\\console\\Command\\Command.php(255): Illuminate\\Console\\Command->execute(Object(Symfony\\Component\\Console\\Input\\ArgvInput), Object(Illuminate\\Console\\OutputStyle))
#14 C:\\Users\\capstonestudent\\Documents\\Thesis PN2020-B\\BBOHRSystem\\vendor\\laravel\\framework\\src\\Illuminate\\Console\\Command.php(170): Symfony\\Component\\Console\\Command\\Command->run(Object(Symfony\\Component\\Console\\Input\\ArgvInput), Object(Illuminate\\Console\\OutputStyle))
#15 C:\\Users\\capstonestudent\\Documents\\Thesis PN2020-B\\BBOHRSystem\\vendor\\symfony\\console\\Application.php(1000): Illuminate\\Console\\Command->run(Object(Symfony\\Component\\Console\\Input\\ArgvInput), Object(Symfony\\Component\\Console\\Output\\ConsoleOutput))
#16 C:\\Users\\capstonestudent\\Documents\\Thesis PN2020-B\\BBOHRSystem\\vendor\\symfony\\console\\Application.php(271): Symfony\\Component\\Console\\Application->doRunCommand(Object(Illuminate\\Database\\Console\\Migrations\\MigrateCommand), Object(Symfony\\Component\\Console\\Input\\ArgvInput), Object(Symfony\\Component\\Console\\Output\\ConsoleOutput))
#17 C:\\Users\\capstonestudent\\Documents\\Thesis PN2020-B\\BBOHRSystem\\vendor\\symfony\\console\\Application.php(147): Symfony\\Component\\Console\\Application->doRun(Object(Symfony\\Component\\Console\\Input\\ArgvInput), Object(Symfony\\Component\\Console\\Output\\ConsoleOutput))
#18 C:\\Users\\capstonestudent\\Documents\\Thesis PN2020-B\\BBOHRSystem\\vendor\\laravel\\framework\\src\\Illuminate\\Console\\Application.php(90): Symfony\\Component\\Console\\Application->run(Object(Symfony\\Component\\Console\\Input\\ArgvInput), Object(Symfony\\Component\\Console\\Output\\ConsoleOutput))
#19 C:\\Users\\capstonestudent\\Documents\\Thesis PN2020-B\\BBOHRSystem\\vendor\\laravel\\framework\\src\\Illuminate\\Foundation\\Console\\Kernel.php(133): Illuminate\\Console\\Application->run(Object(Symfony\\Component\\Console\\Input\\ArgvInput), Object(Symfony\\Component\\Console\\Output\\ConsoleOutput))
#20 C:\\Users\\capstonestudent\\Documents\\Thesis PN2020-B\\BBOHRSystem\\artisan(37): Illuminate\\Foundation\\Console\\Kernel->handle(Object(Symfony\\Component\\Console\\Input\\ArgvInput), Object(Symfony\\Component\\Console\\Output\\ConsoleOutput))
#21 {main}
"} 
[2020-10-01 09:44:45] local.ERROR: SQLSTATE[HY000] [1049] Unknown database 'bborequest' (SQL: select * from information_schema.tables where table_schema = BBORequest and table_name = migrations and table_type = 'BASE TABLE') {"exception":"[object] (Illuminate\\Database\\QueryException(code: 1049): SQLSTATE[HY000] [1049] Unknown database 'bborequest' (SQL: select * from information_schema.tables where table_schema = BBORequest and table_name = migrations and table_type = 'BASE TABLE') at C:\\Users\\capstonestudent\\Documents\\Thesis PN2020-B\\BBOHRSystem\\vendor\\laravel\\framework\\src\\Illuminate\\Database\\Connection.php:664, PDOException(code: 1049): SQLSTATE[HY000] [1049] Unknown database 'bborequest' at C:\\Users\\capstonestudent\\Documents\\Thesis PN2020-B\\BBOHRSystem\\vendor\\laravel\\framework\\src\\Illuminate\\Database\\Connectors\\Connector.php:70)
[stacktrace]
#0 C:\\Users\\capstonestudent\\Documents\\Thesis PN2020-B\\BBOHRSystem\\vendor\\laravel\\framework\\src\\Illuminate\\Database\\Connection.php(624): Illuminate\\Database\\Connection->runQueryCallback('select * from i...', Array, Object(Closure))
#1 C:\\Users\\capstonestudent\\Documents\\Thesis PN2020-B\\BBOHRSystem\\vendor\\laravel\\framework\\src\\Illuminate\\Database\\Connection.php(333): Illuminate\\Database\\Connection->run('select * from i...', Array, Object(Closure))
#2 C:\\Users\\capstonestudent\\Documents\\Thesis PN2020-B\\BBOHRSystem\\vendor\\laravel\\framework\\src\\Illuminate\\Database\\Schema\\MySqlBuilder.php(18): Illuminate\\Database\\Connection->select('select * from i...', Array)
#3 C:\\Users\\capstonestudent\\Documents\\Thesis PN2020-B\\BBOHRSystem\\vendor\\laravel\\framework\\src\\Illuminate\\Database\\Migrations\\DatabaseMigrationRepository.php(169): Illuminate\\Database\\Schema\\MySqlBuilder->hasTable('migrations')
#4 C:\\Users\\capstonestudent\\Documents\\Thesis PN2020-B\\BBOHRSystem\\vendor\\laravel\\framework\\src\\Illuminate\\Database\\Migrations\\Migrator.php(585): Illuminate\\Database\\Migrations\\DatabaseMigrationRepository->repositoryExists()
#5 C:\\Users\\capstonestudent\\Documents\\Thesis PN2020-B\\BBOHRSystem\\vendor\\laravel\\framework\\src\\Illuminate\\Database\\Console\\Migrations\\MigrateCommand.php(91): Illuminate\\Database\\Migrations\\Migrator->repositoryExists()
#6 C:\\Users\\capstonestudent\\Documents\\Thesis PN2020-B\\BBOHRSystem\\vendor\\laravel\\framework\\src\\Illuminate\\Database\\Console\\Migrations\\MigrateCommand.php(63): Illuminate\\Database\\Console\\Migrations\\MigrateCommand->prepareDatabase()
#7 [internal function]: Illuminate\\Database\\Console\\Migrations\\MigrateCommand->handle()
#8 C:\\Users\\capstonestudent\\Documents\\Thesis PN2020-B\\BBOHRSystem\\vendor\\laravel\\framework\\src\\Illuminate\\Container\\BoundMethod.php(32): call_user_func_array(Array, Array)
#9 C:\\Users\\capstonestudent\\Documents\\Thesis PN2020-B\\BBOHRSystem\\vendor\\laravel\\framework\\src\\Illuminate\\Container\\BoundMethod.php(90): Illuminate\\Container\\BoundMethod::Illuminate\\Container\\{closure}()
#10 C:\\Users\\capstonestudent\\Documents\\Thesis PN2020-B\\BBOHRSystem\\vendor\\laravel\\framework\\src\\Illuminate\\Container\\BoundMethod.php(34): Illuminate\\Container\\BoundMethod::callBoundMethod(Object(Illuminate\\Foundation\\Application), Array, Object(Closure))
#11 C:\\Users\\capstonestudent\\Documents\\Thesis PN2020-B\\BBOHRSystem\\vendor\\laravel\\framework\\src\\Illuminate\\Container\\Container.php(576): Illuminate\\Container\\BoundMethod::call(Object(Illuminate\\Foundation\\Application), Array, Array, NULL)
#12 C:\\Users\\capstonestudent\\Documents\\Thesis PN2020-B\\BBOHRSystem\\vendor\\laravel\\framework\\src\\Illuminate\\Console\\Command.php(183): Illuminate\\Container\\Container->call(Array)
#13 C:\\Users\\capstonestudent\\Documents\\Thesis PN2020-B\\BBOHRSystem\\vendor\\symfony\\console\\Command\\Command.php(255): Illuminate\\Console\\Command->execute(Object(Symfony\\Component\\Console\\Input\\ArgvInput), Object(Illuminate\\Console\\OutputStyle))
#14 C:\\Users\\capstonestudent\\Documents\\Thesis PN2020-B\\BBOHRSystem\\vendor\\laravel\\framework\\src\\Illuminate\\Console\\Command.php(170): Symfony\\Component\\Console\\Command\\Command->run(Object(Symfony\\Component\\Console\\Input\\ArgvInput), Object(Illuminate\\Console\\OutputStyle))
#15 C:\\Users\\capstonestudent\\Documents\\Thesis PN2020-B\\BBOHRSystem\\vendor\\symfony\\console\\Application.php(1000): Illuminate\\Console\\Command->run(Object(Symfony\\Component\\Console\\Input\\ArgvInput), Object(Symfony\\Component\\Console\\Output\\ConsoleOutput))
#16 C:\\Users\\capstonestudent\\Documents\\Thesis PN2020-B\\BBOHRSystem\\vendor\\symfony\\console\\Application.php(271): Symfony\\Component\\Console\\Application->doRunCommand(Object(Illuminate\\Database\\Console\\Migrations\\MigrateCommand), Object(Symfony\\Component\\Console\\Input\\ArgvInput), Object(Symfony\\Component\\Console\\Output\\ConsoleOutput))
#17 C:\\Users\\capstonestudent\\Documents\\Thesis PN2020-B\\BBOHRSystem\\vendor\\symfony\\console\\Application.php(147): Symfony\\Component\\Console\\Application->doRun(Object(Symfony\\Component\\Console\\Input\\ArgvInput), Object(Symfony\\Component\\Console\\Output\\ConsoleOutput))
#18 C:\\Users\\capstonestudent\\Documents\\Thesis PN2020-B\\BBOHRSystem\\vendor\\laravel\\framework\\src\\Illuminate\\Console\\Application.php(90): Symfony\\Component\\Console\\Application->run(Object(Symfony\\Component\\Console\\Input\\ArgvInput), Object(Symfony\\Component\\Console\\Output\\ConsoleOutput))
#19 C:\\Users\\capstonestudent\\Documents\\Thesis PN2020-B\\BBOHRSystem\\vendor\\laravel\\framework\\src\\Illuminate\\Foundation\\Console\\Kernel.php(133): Illuminate\\Console\\Application->run(Object(Symfony\\Component\\Console\\Input\\ArgvInput), Object(Symfony\\Component\\Console\\Output\\ConsoleOutput))
#20 C:\\Users\\capstonestudent\\Documents\\Thesis PN2020-B\\BBOHRSystem\\artisan(37): Illuminate\\Foundation\\Console\\Kernel->handle(Object(Symfony\\Component\\Console\\Input\\ArgvInput), Object(Symfony\\Component\\Console\\Output\\ConsoleOutput))
#21 {main}
"} 
[2020-10-01 09:45:37] local.ERROR: SQLSTATE[HY000]: General error: 1005 Can't create table `bbo_request_db`.`#sql-7300_9e` (errno: 150 "Foreign key constraint is incorrectly formed") (SQL: alter table `users` add constraint `users_role_id_foreign` foreign key (`role_id`) references `roles` (`id`)) {"exception":"[object] (Illuminate\\Database\\QueryException(code: HY000): SQLSTATE[HY000]: General error: 1005 Can't create table `bbo_request_db`.`#sql-7300_9e` (errno: 150 \"Foreign key constraint is incorrectly formed\") (SQL: alter table `users` add constraint `users_role_id_foreign` foreign key (`role_id`) references `roles` (`id`)) at C:\\Users\\capstonestudent\\Documents\\Thesis PN2020-B\\BBOHRSystem\\vendor\\laravel\\framework\\src\\Illuminate\\Database\\Connection.php:664, PDOException(code: HY000): SQLSTATE[HY000]: General error: 1005 Can't create table `bbo_request_db`.`#sql-7300_9e` (errno: 150 \"Foreign key constraint is incorrectly formed\") at C:\\Users\\capstonestudent\\Documents\\Thesis PN2020-B\\BBOHRSystem\\vendor\\laravel\\framework\\src\\Illuminate\\Database\\Connection.php:458)
[stacktrace]
#0 C:\\Users\\capstonestudent\\Documents\\Thesis PN2020-B\\BBOHRSystem\\vendor\\laravel\\framework\\src\\Illuminate\\Database\\Connection.php(624): Illuminate\\Database\\Connection->runQueryCallback('alter table `us...', Array, Object(Closure))
#1 C:\\Users\\capstonestudent\\Documents\\Thesis PN2020-B\\BBOHRSystem\\vendor\\laravel\\framework\\src\\Illuminate\\Database\\Connection.php(459): Illuminate\\Database\\Connection->run('alter table `us...', Array, Object(Closure))
#2 C:\\Users\\capstonestudent\\Documents\\Thesis PN2020-B\\BBOHRSystem\\vendor\\laravel\\framework\\src\\Illuminate\\Database\\Schema\\Blueprint.php(97): Illuminate\\Database\\Connection->statement('alter table `us...')
#3 C:\\Users\\capstonestudent\\Documents\\Thesis PN2020-B\\BBOHRSystem\\vendor\\laravel\\framework\\src\\Illuminate\\Database\\Schema\\Builder.php(278): Illuminate\\Database\\Schema\\Blueprint->build(Object(Illuminate\\Database\\MySqlConnection), Object(Illuminate\\Database\\Schema\\Grammars\\MySqlGrammar))
#4 C:\\Users\\capstonestudent\\Documents\\Thesis PN2020-B\\BBOHRSystem\\vendor\\laravel\\framework\\src\\Illuminate\\Database\\Schema\\Builder.php(167): Illuminate\\Database\\Schema\\Builder->build(Object(Illuminate\\Database\\Schema\\Blueprint))
#5 C:\\Users\\capstonestudent\\Documents\\Thesis PN2020-B\\BBOHRSystem\\vendor\\laravel\\framework\\src\\Illuminate\\Support\\Facades\\Facade.php(239): Illuminate\\Database\\Schema\\Builder->create('users', Object(Closure))
#6 C:\\Users\\capstonestudent\\Documents\\Thesis PN2020-B\\BBOHRSystem\\database\\migrations\\2014_10_12_000000_create_users_table.php(27): Illuminate\\Support\\Facades\\Facade::__callStatic('create', Array)
#7 C:\\Users\\capstonestudent\\Documents\\Thesis PN2020-B\\BBOHRSystem\\vendor\\laravel\\framework\\src\\Illuminate\\Database\\Migrations\\Migrator.php(387): CreateUsersTable->up()
#8 C:\\Users\\capstonestudent\\Documents\\Thesis PN2020-B\\BBOHRSystem\\vendor\\laravel\\framework\\src\\Illuminate\\Database\\Migrations\\Migrator.php(396): Illuminate\\Database\\Migrations\\Migrator->Illuminate\\Database\\Migrations\\{closure}()
#9 C:\\Users\\capstonestudent\\Documents\\Thesis PN2020-B\\BBOHRSystem\\vendor\\laravel\\framework\\src\\Illuminate\\Database\\Migrations\\Migrator.php(197): Illuminate\\Database\\Migrations\\Migrator->runMigration(Object(CreateUsersTable), 'up')
#10 C:\\Users\\capstonestudent\\Documents\\Thesis PN2020-B\\BBOHRSystem\\vendor\\laravel\\framework\\src\\Illuminate\\Database\\Migrations\\Migrator.php(162): Illuminate\\Database\\Migrations\\Migrator->runUp('C:\\\\Users\\\\capsto...', 1, false)
#11 C:\\Users\\capstonestudent\\Documents\\Thesis PN2020-B\\BBOHRSystem\\vendor\\laravel\\framework\\src\\Illuminate\\Database\\Migrations\\Migrator.php(109): Illuminate\\Database\\Migrations\\Migrator->runPending(Array, Array)
#12 C:\\Users\\capstonestudent\\Documents\\Thesis PN2020-B\\BBOHRSystem\\vendor\\laravel\\framework\\src\\Illuminate\\Database\\Console\\Migrations\\MigrateCommand.php(71): Illuminate\\Database\\Migrations\\Migrator->run(Array, Array)
#13 [internal function]: Illuminate\\Database\\Console\\Migrations\\MigrateCommand->handle()
#14 C:\\Users\\capstonestudent\\Documents\\Thesis PN2020-B\\BBOHRSystem\\vendor\\laravel\\framework\\src\\Illuminate\\Container\\BoundMethod.php(32): call_user_func_array(Array, Array)
#15 C:\\Users\\capstonestudent\\Documents\\Thesis PN2020-B\\BBOHRSystem\\vendor\\laravel\\framework\\src\\Illuminate\\Container\\BoundMethod.php(90): Illuminate\\Container\\BoundMethod::Illuminate\\Container\\{closure}()
#16 C:\\Users\\capstonestudent\\Documents\\Thesis PN2020-B\\BBOHRSystem\\vendor\\laravel\\framework\\src\\Illuminate\\Container\\BoundMethod.php(34): Illuminate\\Container\\BoundMethod::callBoundMethod(Object(Illuminate\\Foundation\\Application), Array, Object(Closure))
#17 C:\\Users\\capstonestudent\\Documents\\Thesis PN2020-B\\BBOHRSystem\\vendor\\laravel\\framework\\src\\Illuminate\\Container\\Container.php(576): Illuminate\\Container\\BoundMethod::call(Object(Illuminate\\Foundation\\Application), Array, Array, NULL)
#18 C:\\Users\\capstonestudent\\Documents\\Thesis PN2020-B\\BBOHRSystem\\vendor\\laravel\\framework\\src\\Illuminate\\Console\\Command.php(183): Illuminate\\Container\\Container->call(Array)
#19 C:\\Users\\capstonestudent\\Documents\\Thesis PN2020-B\\BBOHRSystem\\vendor\\symfony\\console\\Command\\Command.php(255): Illuminate\\Console\\Command->execute(Object(Symfony\\Component\\Console\\Input\\ArgvInput), Object(Illuminate\\Console\\OutputStyle))
#20 C:\\Users\\capstonestudent\\Documents\\Thesis PN2020-B\\BBOHRSystem\\vendor\\laravel\\framework\\src\\Illuminate\\Console\\Command.php(170): Symfony\\Component\\Console\\Command\\Command->run(Object(Symfony\\Component\\Console\\Input\\ArgvInput), Object(Illuminate\\Console\\OutputStyle))
#21 C:\\Users\\capstonestudent\\Documents\\Thesis PN2020-B\\BBOHRSystem\\vendor\\symfony\\console\\Application.php(1000): Illuminate\\Console\\Command->run(Object(Symfony\\Component\\Console\\Input\\ArgvInput), Object(Symfony\\Component\\Console\\Output\\ConsoleOutput))
#22 C:\\Users\\capstonestudent\\Documents\\Thesis PN2020-B\\BBOHRSystem\\vendor\\symfony\\console\\Application.php(271): Symfony\\Component\\Console\\Application->doRunCommand(Object(Illuminate\\Database\\Console\\Migrations\\MigrateCommand), Object(Symfony\\Component\\Console\\Input\\ArgvInput), Object(Symfony\\Component\\Console\\Output\\ConsoleOutput))
#23 C:\\Users\\capstonestudent\\Documents\\Thesis PN2020-B\\BBOHRSystem\\vendor\\symfony\\console\\Application.php(147): Symfony\\Component\\Console\\Application->doRun(Object(Symfony\\Component\\Console\\Input\\ArgvInput), Object(Symfony\\Component\\Console\\Output\\ConsoleOutput))
#24 C:\\Users\\capstonestudent\\Documents\\Thesis PN2020-B\\BBOHRSystem\\vendor\\laravel\\framework\\src\\Illuminate\\Console\\Application.php(90): Symfony\\Component\\Console\\Application->run(Object(Symfony\\Component\\Console\\Input\\ArgvInput), Object(Symfony\\Component\\Console\\Output\\ConsoleOutput))
#25 C:\\Users\\capstonestudent\\Documents\\Thesis PN2020-B\\BBOHRSystem\\vendor\\laravel\\framework\\src\\Illuminate\\Foundation\\Console\\Kernel.php(133): Illuminate\\Console\\Application->run(Object(Symfony\\Component\\Console\\Input\\ArgvInput), Object(Symfony\\Component\\Console\\Output\\ConsoleOutput))
#26 C:\\Users\\capstonestudent\\Documents\\Thesis PN2020-B\\BBOHRSystem\\artisan(37): Illuminate\\Foundation\\Console\\Kernel->handle(Object(Symfony\\Component\\Console\\Input\\ArgvInput), Object(Symfony\\Component\\Console\\Output\\ConsoleOutput))
#27 {main}
"} 
