[2020-10-09 10:48:58] local.ERROR: Command "create_role_user_table" is not defined. {"exception":"[object] (Symfony\\Component\\Console\\Exception\\CommandNotFoundException(code: 0): Command \"create_role_user_table\" is not defined. at C:\\Users\\2ndyrGroupC\\Desktop\\Projects\\BBOHRSystem\\vendor\\symfony\\console\\Application.php:676)
[stacktrace]
#0 C:\\Users\\2ndyrGroupC\\Desktop\\Projects\\BBOHRSystem\\vendor\\symfony\\console\\Application.php(237): Symfony\\Component\\Console\\Application->find('create_role_use...')
#1 C:\\Users\\2ndyrGroupC\\Desktop\\Projects\\BBOHRSystem\\vendor\\symfony\\console\\Application.php(149): Symfony\\Component\\Console\\Application->doRun(Object(Symfony\\Component\\Console\\Input\\ArgvInput), Object(Symfony\\Component\\Console\\Output\\ConsoleOutput))
#2 C:\\Users\\2ndyrGroupC\\Desktop\\Projects\\BBOHRSystem\\vendor\\laravel\\framework\\src\\Illuminate\\Console\\Application.php(90): Symfony\\Component\\Console\\Application->run(Object(Symfony\\Component\\Console\\Input\\ArgvInput), Object(Symfony\\Component\\Console\\Output\\ConsoleOutput))
#3 C:\\Users\\2ndyrGroupC\\Desktop\\Projects\\BBOHRSystem\\vendor\\laravel\\framework\\src\\Illuminate\\Foundation\\Console\\Kernel.php(133): Illuminate\\Console\\Application->run(Object(Symfony\\Component\\Console\\Input\\ArgvInput), Object(Symfony\\Component\\Console\\Output\\ConsoleOutput))
#4 C:\\Users\\2ndyrGroupC\\Desktop\\Projects\\BBOHRSystem\\artisan(37): Illuminate\\Foundation\\Console\\Kernel->handle(Object(Symfony\\Component\\Console\\Input\\ArgvInput), Object(Symfony\\Component\\Console\\Output\\ConsoleOutput))
#5 {main}
"} 
[2020-10-09 13:16:06] local.ERROR: Method Illuminate\Database\Schema\Blueprint::UnsignedBigIncrements does not exist. {"exception":"[object] (BadMethodCallException(code: 0): Method Illuminate\\Database\\Schema\\Blueprint::UnsignedBigIncrements does not exist. at C:\\Users\\2ndyrGroupC\\Desktop\\Projects\\BBOHRSystem\\vendor\\laravel\\framework\\src\\Illuminate\\Support\\Traits\\Macroable.php:104)
[stacktrace]
#0 C:\\Users\\2ndyrGroupC\\Desktop\\Projects\\BBOHRSystem\\database\\migrations\\2020_10_09_125253_create_role_users_table.php(18): Illuminate\\Database\\Schema\\Blueprint->__call('UnsignedBigIncr...', Array)
#1 C:\\Users\\2ndyrGroupC\\Desktop\\Projects\\BBOHRSystem\\vendor\\laravel\\framework\\src\\Illuminate\\Database\\Schema\\Builder.php(166): CreateRoleUsersTable->{closure}(Object(Illuminate\\Database\\Schema\\Blueprint))
#2 C:\\Users\\2ndyrGroupC\\Desktop\\Projects\\BBOHRSystem\\vendor\\laravel\\framework\\src\\Illuminate\\Support\\helpers.php(1124): Illuminate\\Database\\Schema\\Builder->Illuminate\\Database\\Schema\\{closure}(Object(Illuminate\\Database\\Schema\\Blueprint))
#3 C:\\Users\\2ndyrGroupC\\Desktop\\Projects\\BBOHRSystem\\vendor\\laravel\\framework\\src\\Illuminate\\Database\\Schema\\Builder.php(167): tap(Object(Illuminate\\Database\\Schema\\Blueprint), Object(Closure))
#4 C:\\Users\\2ndyrGroupC\\Desktop\\Projects\\BBOHRSystem\\vendor\\laravel\\framework\\src\\Illuminate\\Support\\Facades\\Facade.php(239): Illuminate\\Database\\Schema\\Builder->create('role_users', Object(Closure))
#5 C:\\Users\\2ndyrGroupC\\Desktop\\Projects\\BBOHRSystem\\database\\migrations\\2020_10_09_125253_create_role_users_table.php(23): Illuminate\\Support\\Facades\\Facade::__callStatic('create', Array)
#6 C:\\Users\\2ndyrGroupC\\Desktop\\Projects\\BBOHRSystem\\vendor\\laravel\\framework\\src\\Illuminate\\Database\\Migrations\\Migrator.php(387): CreateRoleUsersTable->up()
#7 C:\\Users\\2ndyrGroupC\\Desktop\\Projects\\BBOHRSystem\\vendor\\laravel\\framework\\src\\Illuminate\\Database\\Migrations\\Migrator.php(396): Illuminate\\Database\\Migrations\\Migrator->Illuminate\\Database\\Migrations\\{closure}()
#8 C:\\Users\\2ndyrGroupC\\Desktop\\Projects\\BBOHRSystem\\vendor\\laravel\\framework\\src\\Illuminate\\Database\\Migrations\\Migrator.php(197): Illuminate\\Database\\Migrations\\Migrator->runMigration(Object(CreateRoleUsersTable), 'up')
#9 C:\\Users\\2ndyrGroupC\\Desktop\\Projects\\BBOHRSystem\\vendor\\laravel\\framework\\src\\Illuminate\\Database\\Migrations\\Migrator.php(162): Illuminate\\Database\\Migrations\\Migrator->runUp('C:\\\\Users\\\\2ndyrG...', 2, false)
#10 C:\\Users\\2ndyrGroupC\\Desktop\\Projects\\BBOHRSystem\\vendor\\laravel\\framework\\src\\Illuminate\\Database\\Migrations\\Migrator.php(109): Illuminate\\Database\\Migrations\\Migrator->runPending(Array, Array)
#11 C:\\Users\\2ndyrGroupC\\Desktop\\Projects\\BBOHRSystem\\vendor\\laravel\\framework\\src\\Illuminate\\Database\\Console\\Migrations\\MigrateCommand.php(71): Illuminate\\Database\\Migrations\\Migrator->run(Array, Array)
#12 [internal function]: Illuminate\\Database\\Console\\Migrations\\MigrateCommand->handle()
#13 C:\\Users\\2ndyrGroupC\\Desktop\\Projects\\BBOHRSystem\\vendor\\laravel\\framework\\src\\Illuminate\\Container\\BoundMethod.php(32): call_user_func_array(Array, Array)
#14 C:\\Users\\2ndyrGroupC\\Desktop\\Projects\\BBOHRSystem\\vendor\\laravel\\framework\\src\\Illuminate\\Container\\BoundMethod.php(90): Illuminate\\Container\\BoundMethod::Illuminate\\Container\\{closure}()
#15 C:\\Users\\2ndyrGroupC\\Desktop\\Projects\\BBOHRSystem\\vendor\\laravel\\framework\\src\\Illuminate\\Container\\BoundMethod.php(34): Illuminate\\Container\\BoundMethod::callBoundMethod(Object(Illuminate\\Foundation\\Application), Array, Object(Closure))
#16 C:\\Users\\2ndyrGroupC\\Desktop\\Projects\\BBOHRSystem\\vendor\\laravel\\framework\\src\\Illuminate\\Container\\Container.php(576): Illuminate\\Container\\BoundMethod::call(Object(Illuminate\\Foundation\\Application), Array, Array, NULL)
#17 C:\\Users\\2ndyrGroupC\\Desktop\\Projects\\BBOHRSystem\\vendor\\laravel\\framework\\src\\Illuminate\\Console\\Command.php(183): Illuminate\\Container\\Container->call(Array)
#18 C:\\Users\\2ndyrGroupC\\Desktop\\Projects\\BBOHRSystem\\vendor\\symfony\\console\\Command\\Command.php(255): Illuminate\\Console\\Command->execute(Object(Symfony\\Component\\Console\\Input\\ArrayInput), Object(Illuminate\\Console\\OutputStyle))
#19 C:\\Users\\2ndyrGroupC\\Desktop\\Projects\\BBOHRSystem\\vendor\\laravel\\framework\\src\\Illuminate\\Console\\Command.php(170): Symfony\\Component\\Console\\Command\\Command->run(Object(Symfony\\Component\\Console\\Input\\ArrayInput), Object(Illuminate\\Console\\OutputStyle))
#20 C:\\Users\\2ndyrGroupC\\Desktop\\Projects\\BBOHRSystem\\vendor\\laravel\\framework\\src\\Illuminate\\Console\\Command.php(198): Illuminate\\Console\\Command->run(Object(Symfony\\Component\\Console\\Input\\ArrayInput), Object(Illuminate\\Console\\OutputStyle))
#21 C:\\Users\\2ndyrGroupC\\Desktop\\Projects\\BBOHRSystem\\vendor\\laravel\\framework\\src\\Illuminate\\Database\\Console\\Migrations\\RefreshCommand.php(60): Illuminate\\Console\\Command->call('migrate', Array)
#22 [internal function]: Illuminate\\Database\\Console\\Migrations\\RefreshCommand->handle()
#23 C:\\Users\\2ndyrGroupC\\Desktop\\Projects\\BBOHRSystem\\vendor\\laravel\\framework\\src\\Illuminate\\Container\\BoundMethod.php(32): call_user_func_array(Array, Array)
#24 C:\\Users\\2ndyrGroupC\\Desktop\\Projects\\BBOHRSystem\\vendor\\laravel\\framework\\src\\Illuminate\\Container\\BoundMethod.php(90): Illuminate\\Container\\BoundMethod::Illuminate\\Container\\{closure}()
#25 C:\\Users\\2ndyrGroupC\\Desktop\\Projects\\BBOHRSystem\\vendor\\laravel\\framework\\src\\Illuminate\\Container\\BoundMethod.php(34): Illuminate\\Container\\BoundMethod::callBoundMethod(Object(Illuminate\\Foundation\\Application), Array, Object(Closure))
#26 C:\\Users\\2ndyrGroupC\\Desktop\\Projects\\BBOHRSystem\\vendor\\laravel\\framework\\src\\Illuminate\\Container\\Container.php(576): Illuminate\\Container\\BoundMethod::call(Object(Illuminate\\Foundation\\Application), Array, Array, NULL)
#27 C:\\Users\\2ndyrGroupC\\Desktop\\Projects\\BBOHRSystem\\vendor\\laravel\\framework\\src\\Illuminate\\Console\\Command.php(183): Illuminate\\Container\\Container->call(Array)
#28 C:\\Users\\2ndyrGroupC\\Desktop\\Projects\\BBOHRSystem\\vendor\\symfony\\console\\Command\\Command.php(255): Illuminate\\Console\\Command->execute(Object(Symfony\\Component\\Console\\Input\\ArgvInput), Object(Illuminate\\Console\\OutputStyle))
#29 C:\\Users\\2ndyrGroupC\\Desktop\\Projects\\BBOHRSystem\\vendor\\laravel\\framework\\src\\Illuminate\\Console\\Command.php(170): Symfony\\Component\\Console\\Command\\Command->run(Object(Symfony\\Component\\Console\\Input\\ArgvInput), Object(Illuminate\\Console\\OutputStyle))
#30 C:\\Users\\2ndyrGroupC\\Desktop\\Projects\\BBOHRSystem\\vendor\\symfony\\console\\Application.php(1009): Illuminate\\Console\\Command->run(Object(Symfony\\Component\\Console\\Input\\ArgvInput), Object(Symfony\\Component\\Console\\Output\\ConsoleOutput))
#31 C:\\Users\\2ndyrGroupC\\Desktop\\Projects\\BBOHRSystem\\vendor\\symfony\\console\\Application.php(273): Symfony\\Component\\Console\\Application->doRunCommand(Object(Illuminate\\Database\\Console\\Migrations\\RefreshCommand), Object(Symfony\\Component\\Console\\Input\\ArgvInput), Object(Symfony\\Component\\Console\\Output\\ConsoleOutput))
#32 C:\\Users\\2ndyrGroupC\\Desktop\\Projects\\BBOHRSystem\\vendor\\symfony\\console\\Application.php(149): Symfony\\Component\\Console\\Application->doRun(Object(Symfony\\Component\\Console\\Input\\ArgvInput), Object(Symfony\\Component\\Console\\Output\\ConsoleOutput))
#33 C:\\Users\\2ndyrGroupC\\Desktop\\Projects\\BBOHRSystem\\vendor\\laravel\\framework\\src\\Illuminate\\Console\\Application.php(90): Symfony\\Component\\Console\\Application->run(Object(Symfony\\Component\\Console\\Input\\ArgvInput), Object(Symfony\\Component\\Console\\Output\\ConsoleOutput))
#34 C:\\Users\\2ndyrGroupC\\Desktop\\Projects\\BBOHRSystem\\vendor\\laravel\\framework\\src\\Illuminate\\Foundation\\Console\\Kernel.php(133): Illuminate\\Console\\Application->run(Object(Symfony\\Component\\Console\\Input\\ArgvInput), Object(Symfony\\Component\\Console\\Output\\ConsoleOutput))
#35 C:\\Users\\2ndyrGroupC\\Desktop\\Projects\\BBOHRSystem\\artisan(37): Illuminate\\Foundation\\Console\\Kernel->handle(Object(Symfony\\Component\\Console\\Input\\ArgvInput), Object(Symfony\\Component\\Console\\Output\\ConsoleOutput))
#36 {main}
"} 
[2020-10-09 13:16:54] local.ERROR: Method Illuminate\Database\Schema\Blueprint::UnsignedBigIntegers does not exist. {"exception":"[object] (BadMethodCallException(code: 0): Method Illuminate\\Database\\Schema\\Blueprint::UnsignedBigIntegers does not exist. at C:\\Users\\2ndyrGroupC\\Desktop\\Projects\\BBOHRSystem\\vendor\\laravel\\framework\\src\\Illuminate\\Support\\Traits\\Macroable.php:104)
[stacktrace]
#0 C:\\Users\\2ndyrGroupC\\Desktop\\Projects\\BBOHRSystem\\database\\migrations\\2020_10_09_125253_create_role_users_table.php(18): Illuminate\\Database\\Schema\\Blueprint->__call('UnsignedBigInte...', Array)
#1 C:\\Users\\2ndyrGroupC\\Desktop\\Projects\\BBOHRSystem\\vendor\\laravel\\framework\\src\\Illuminate\\Database\\Schema\\Builder.php(166): CreateRoleUsersTable->{closure}(Object(Illuminate\\Database\\Schema\\Blueprint))
#2 C:\\Users\\2ndyrGroupC\\Desktop\\Projects\\BBOHRSystem\\vendor\\laravel\\framework\\src\\Illuminate\\Support\\helpers.php(1124): Illuminate\\Database\\Schema\\Builder->Illuminate\\Database\\Schema\\{closure}(Object(Illuminate\\Database\\Schema\\Blueprint))
#3 C:\\Users\\2ndyrGroupC\\Desktop\\Projects\\BBOHRSystem\\vendor\\laravel\\framework\\src\\Illuminate\\Database\\Schema\\Builder.php(167): tap(Object(Illuminate\\Database\\Schema\\Blueprint), Object(Closure))
#4 C:\\Users\\2ndyrGroupC\\Desktop\\Projects\\BBOHRSystem\\vendor\\laravel\\framework\\src\\Illuminate\\Support\\Facades\\Facade.php(239): Illuminate\\Database\\Schema\\Builder->create('role_users', Object(Closure))
#5 C:\\Users\\2ndyrGroupC\\Desktop\\Projects\\BBOHRSystem\\database\\migrations\\2020_10_09_125253_create_role_users_table.php(23): Illuminate\\Support\\Facades\\Facade::__callStatic('create', Array)
#6 C:\\Users\\2ndyrGroupC\\Desktop\\Projects\\BBOHRSystem\\vendor\\laravel\\framework\\src\\Illuminate\\Database\\Migrations\\Migrator.php(387): CreateRoleUsersTable->up()
#7 C:\\Users\\2ndyrGroupC\\Desktop\\Projects\\BBOHRSystem\\vendor\\laravel\\framework\\src\\Illuminate\\Database\\Migrations\\Migrator.php(396): Illuminate\\Database\\Migrations\\Migrator->Illuminate\\Database\\Migrations\\{closure}()
#8 C:\\Users\\2ndyrGroupC\\Desktop\\Projects\\BBOHRSystem\\vendor\\laravel\\framework\\src\\Illuminate\\Database\\Migrations\\Migrator.php(197): Illuminate\\Database\\Migrations\\Migrator->runMigration(Object(CreateRoleUsersTable), 'up')
#9 C:\\Users\\2ndyrGroupC\\Desktop\\Projects\\BBOHRSystem\\vendor\\laravel\\framework\\src\\Illuminate\\Database\\Migrations\\Migrator.php(162): Illuminate\\Database\\Migrations\\Migrator->runUp('C:\\\\Users\\\\2ndyrG...', 2, false)
#10 C:\\Users\\2ndyrGroupC\\Desktop\\Projects\\BBOHRSystem\\vendor\\laravel\\framework\\src\\Illuminate\\Database\\Migrations\\Migrator.php(109): Illuminate\\Database\\Migrations\\Migrator->runPending(Array, Array)
#11 C:\\Users\\2ndyrGroupC\\Desktop\\Projects\\BBOHRSystem\\vendor\\laravel\\framework\\src\\Illuminate\\Database\\Console\\Migrations\\MigrateCommand.php(71): Illuminate\\Database\\Migrations\\Migrator->run(Array, Array)
#12 [internal function]: Illuminate\\Database\\Console\\Migrations\\MigrateCommand->handle()
#13 C:\\Users\\2ndyrGroupC\\Desktop\\Projects\\BBOHRSystem\\vendor\\laravel\\framework\\src\\Illuminate\\Container\\BoundMethod.php(32): call_user_func_array(Array, Array)
#14 C:\\Users\\2ndyrGroupC\\Desktop\\Projects\\BBOHRSystem\\vendor\\laravel\\framework\\src\\Illuminate\\Container\\BoundMethod.php(90): Illuminate\\Container\\BoundMethod::Illuminate\\Container\\{closure}()
#15 C:\\Users\\2ndyrGroupC\\Desktop\\Projects\\BBOHRSystem\\vendor\\laravel\\framework\\src\\Illuminate\\Container\\BoundMethod.php(34): Illuminate\\Container\\BoundMethod::callBoundMethod(Object(Illuminate\\Foundation\\Application), Array, Object(Closure))
#16 C:\\Users\\2ndyrGroupC\\Desktop\\Projects\\BBOHRSystem\\vendor\\laravel\\framework\\src\\Illuminate\\Container\\Container.php(576): Illuminate\\Container\\BoundMethod::call(Object(Illuminate\\Foundation\\Application), Array, Array, NULL)
#17 C:\\Users\\2ndyrGroupC\\Desktop\\Projects\\BBOHRSystem\\vendor\\laravel\\framework\\src\\Illuminate\\Console\\Command.php(183): Illuminate\\Container\\Container->call(Array)
#18 C:\\Users\\2ndyrGroupC\\Desktop\\Projects\\BBOHRSystem\\vendor\\symfony\\console\\Command\\Command.php(255): Illuminate\\Console\\Command->execute(Object(Symfony\\Component\\Console\\Input\\ArrayInput), Object(Illuminate\\Console\\OutputStyle))
#19 C:\\Users\\2ndyrGroupC\\Desktop\\Projects\\BBOHRSystem\\vendor\\laravel\\framework\\src\\Illuminate\\Console\\Command.php(170): Symfony\\Component\\Console\\Command\\Command->run(Object(Symfony\\Component\\Console\\Input\\ArrayInput), Object(Illuminate\\Console\\OutputStyle))
#20 C:\\Users\\2ndyrGroupC\\Desktop\\Projects\\BBOHRSystem\\vendor\\laravel\\framework\\src\\Illuminate\\Console\\Command.php(198): Illuminate\\Console\\Command->run(Object(Symfony\\Component\\Console\\Input\\ArrayInput), Object(Illuminate\\Console\\OutputStyle))
#21 C:\\Users\\2ndyrGroupC\\Desktop\\Projects\\BBOHRSystem\\vendor\\laravel\\framework\\src\\Illuminate\\Database\\Console\\Migrations\\RefreshCommand.php(60): Illuminate\\Console\\Command->call('migrate', Array)
#22 [internal function]: Illuminate\\Database\\Console\\Migrations\\RefreshCommand->handle()
#23 C:\\Users\\2ndyrGroupC\\Desktop\\Projects\\BBOHRSystem\\vendor\\laravel\\framework\\src\\Illuminate\\Container\\BoundMethod.php(32): call_user_func_array(Array, Array)
#24 C:\\Users\\2ndyrGroupC\\Desktop\\Projects\\BBOHRSystem\\vendor\\laravel\\framework\\src\\Illuminate\\Container\\BoundMethod.php(90): Illuminate\\Container\\BoundMethod::Illuminate\\Container\\{closure}()
#25 C:\\Users\\2ndyrGroupC\\Desktop\\Projects\\BBOHRSystem\\vendor\\laravel\\framework\\src\\Illuminate\\Container\\BoundMethod.php(34): Illuminate\\Container\\BoundMethod::callBoundMethod(Object(Illuminate\\Foundation\\Application), Array, Object(Closure))
#26 C:\\Users\\2ndyrGroupC\\Desktop\\Projects\\BBOHRSystem\\vendor\\laravel\\framework\\src\\Illuminate\\Container\\Container.php(576): Illuminate\\Container\\BoundMethod::call(Object(Illuminate\\Foundation\\Application), Array, Array, NULL)
#27 C:\\Users\\2ndyrGroupC\\Desktop\\Projects\\BBOHRSystem\\vendor\\laravel\\framework\\src\\Illuminate\\Console\\Command.php(183): Illuminate\\Container\\Container->call(Array)
#28 C:\\Users\\2ndyrGroupC\\Desktop\\Projects\\BBOHRSystem\\vendor\\symfony\\console\\Command\\Command.php(255): Illuminate\\Console\\Command->execute(Object(Symfony\\Component\\Console\\Input\\ArgvInput), Object(Illuminate\\Console\\OutputStyle))
#29 C:\\Users\\2ndyrGroupC\\Desktop\\Projects\\BBOHRSystem\\vendor\\laravel\\framework\\src\\Illuminate\\Console\\Command.php(170): Symfony\\Component\\Console\\Command\\Command->run(Object(Symfony\\Component\\Console\\Input\\ArgvInput), Object(Illuminate\\Console\\OutputStyle))
#30 C:\\Users\\2ndyrGroupC\\Desktop\\Projects\\BBOHRSystem\\vendor\\symfony\\console\\Application.php(1009): Illuminate\\Console\\Command->run(Object(Symfony\\Component\\Console\\Input\\ArgvInput), Object(Symfony\\Component\\Console\\Output\\ConsoleOutput))
#31 C:\\Users\\2ndyrGroupC\\Desktop\\Projects\\BBOHRSystem\\vendor\\symfony\\console\\Application.php(273): Symfony\\Component\\Console\\Application->doRunCommand(Object(Illuminate\\Database\\Console\\Migrations\\RefreshCommand), Object(Symfony\\Component\\Console\\Input\\ArgvInput), Object(Symfony\\Component\\Console\\Output\\ConsoleOutput))
#32 C:\\Users\\2ndyrGroupC\\Desktop\\Projects\\BBOHRSystem\\vendor\\symfony\\console\\Application.php(149): Symfony\\Component\\Console\\Application->doRun(Object(Symfony\\Component\\Console\\Input\\ArgvInput), Object(Symfony\\Component\\Console\\Output\\ConsoleOutput))
#33 C:\\Users\\2ndyrGroupC\\Desktop\\Projects\\BBOHRSystem\\vendor\\laravel\\framework\\src\\Illuminate\\Console\\Application.php(90): Symfony\\Component\\Console\\Application->run(Object(Symfony\\Component\\Console\\Input\\ArgvInput), Object(Symfony\\Component\\Console\\Output\\ConsoleOutput))
#34 C:\\Users\\2ndyrGroupC\\Desktop\\Projects\\BBOHRSystem\\vendor\\laravel\\framework\\src\\Illuminate\\Foundation\\Console\\Kernel.php(133): Illuminate\\Console\\Application->run(Object(Symfony\\Component\\Console\\Input\\ArgvInput), Object(Symfony\\Component\\Console\\Output\\ConsoleOutput))
#35 C:\\Users\\2ndyrGroupC\\Desktop\\Projects\\BBOHRSystem\\artisan(37): Illuminate\\Foundation\\Console\\Kernel->handle(Object(Symfony\\Component\\Console\\Input\\ArgvInput), Object(Symfony\\Component\\Console\\Output\\ConsoleOutput))
#36 {main}
"} 
[2020-10-09 13:17:21] local.ERROR: SQLSTATE[42S01]: Base table or view already exists: 1050 Table 'roles' already exists (SQL: create table `roles` (`id` bigint unsigned not null auto_increment primary key, `name` varchar(191) not null, `created_at` timestamp null, `updated_at` timestamp null) default character set utf8mb4 collate 'utf8mb4_unicode_ci') {"exception":"[object] (Illuminate\\Database\\QueryException(code: 42S01): SQLSTATE[42S01]: Base table or view already exists: 1050 Table 'roles' already exists (SQL: create table `roles` (`id` bigint unsigned not null auto_increment primary key, `name` varchar(191) not null, `created_at` timestamp null, `updated_at` timestamp null) default character set utf8mb4 collate 'utf8mb4_unicode_ci') at C:\\Users\\2ndyrGroupC\\Desktop\\Projects\\BBOHRSystem\\vendor\\laravel\\framework\\src\\Illuminate\\Database\\Connection.php:664, PDOException(code: 42S01): SQLSTATE[42S01]: Base table or view already exists: 1050 Table 'roles' already exists at C:\\Users\\2ndyrGroupC\\Desktop\\Projects\\BBOHRSystem\\vendor\\laravel\\framework\\src\\Illuminate\\Database\\Connection.php:458)
[stacktrace]
#0 C:\\Users\\2ndyrGroupC\\Desktop\\Projects\\BBOHRSystem\\vendor\\laravel\\framework\\src\\Illuminate\\Database\\Connection.php(624): Illuminate\\Database\\Connection->runQueryCallback('create table `r...', Array, Object(Closure))
#1 C:\\Users\\2ndyrGroupC\\Desktop\\Projects\\BBOHRSystem\\vendor\\laravel\\framework\\src\\Illuminate\\Database\\Connection.php(459): Illuminate\\Database\\Connection->run('create table `r...', Array, Object(Closure))
#2 C:\\Users\\2ndyrGroupC\\Desktop\\Projects\\BBOHRSystem\\vendor\\laravel\\framework\\src\\Illuminate\\Database\\Schema\\Blueprint.php(97): Illuminate\\Database\\Connection->statement('create table `r...')
#3 C:\\Users\\2ndyrGroupC\\Desktop\\Projects\\BBOHRSystem\\vendor\\laravel\\framework\\src\\Illuminate\\Database\\Schema\\Builder.php(278): Illuminate\\Database\\Schema\\Blueprint->build(Object(Illuminate\\Database\\MySqlConnection), Object(Illuminate\\Database\\Schema\\Grammars\\MySqlGrammar))
#4 C:\\Users\\2ndyrGroupC\\Desktop\\Projects\\BBOHRSystem\\vendor\\laravel\\framework\\src\\Illuminate\\Database\\Schema\\Builder.php(167): Illuminate\\Database\\Schema\\Builder->build(Object(Illuminate\\Database\\Schema\\Blueprint))
#5 C:\\Users\\2ndyrGroupC\\Desktop\\Projects\\BBOHRSystem\\vendor\\laravel\\framework\\src\\Illuminate\\Support\\Facades\\Facade.php(239): Illuminate\\Database\\Schema\\Builder->create('roles', Object(Closure))
#6 C:\\Users\\2ndyrGroupC\\Desktop\\Projects\\BBOHRSystem\\database\\migrations\\2020_10_09_125305_create_roles_table.php(20): Illuminate\\Support\\Facades\\Facade::__callStatic('create', Array)
#7 C:\\Users\\2ndyrGroupC\\Desktop\\Projects\\BBOHRSystem\\vendor\\laravel\\framework\\src\\Illuminate\\Database\\Migrations\\Migrator.php(387): CreateRolesTable->up()
#8 C:\\Users\\2ndyrGroupC\\Desktop\\Projects\\BBOHRSystem\\vendor\\laravel\\framework\\src\\Illuminate\\Database\\Migrations\\Migrator.php(396): Illuminate\\Database\\Migrations\\Migrator->Illuminate\\Database\\Migrations\\{closure}()
#9 C:\\Users\\2ndyrGroupC\\Desktop\\Projects\\BBOHRSystem\\vendor\\laravel\\framework\\src\\Illuminate\\Database\\Migrations\\Migrator.php(197): Illuminate\\Database\\Migrations\\Migrator->runMigration(Object(CreateRolesTable), 'up')
#10 C:\\Users\\2ndyrGroupC\\Desktop\\Projects\\BBOHRSystem\\vendor\\laravel\\framework\\src\\Illuminate\\Database\\Migrations\\Migrator.php(162): Illuminate\\Database\\Migrations\\Migrator->runUp('C:\\\\Users\\\\2ndyrG...', 2, false)
#11 C:\\Users\\2ndyrGroupC\\Desktop\\Projects\\BBOHRSystem\\vendor\\laravel\\framework\\src\\Illuminate\\Database\\Migrations\\Migrator.php(109): Illuminate\\Database\\Migrations\\Migrator->runPending(Array, Array)
#12 C:\\Users\\2ndyrGroupC\\Desktop\\Projects\\BBOHRSystem\\vendor\\laravel\\framework\\src\\Illuminate\\Database\\Console\\Migrations\\MigrateCommand.php(71): Illuminate\\Database\\Migrations\\Migrator->run(Array, Array)
#13 [internal function]: Illuminate\\Database\\Console\\Migrations\\MigrateCommand->handle()
#14 C:\\Users\\2ndyrGroupC\\Desktop\\Projects\\BBOHRSystem\\vendor\\laravel\\framework\\src\\Illuminate\\Container\\BoundMethod.php(32): call_user_func_array(Array, Array)
#15 C:\\Users\\2ndyrGroupC\\Desktop\\Projects\\BBOHRSystem\\vendor\\laravel\\framework\\src\\Illuminate\\Container\\BoundMethod.php(90): Illuminate\\Container\\BoundMethod::Illuminate\\Container\\{closure}()
#16 C:\\Users\\2ndyrGroupC\\Desktop\\Projects\\BBOHRSystem\\vendor\\laravel\\framework\\src\\Illuminate\\Container\\BoundMethod.php(34): Illuminate\\Container\\BoundMethod::callBoundMethod(Object(Illuminate\\Foundation\\Application), Array, Object(Closure))
#17 C:\\Users\\2ndyrGroupC\\Desktop\\Projects\\BBOHRSystem\\vendor\\laravel\\framework\\src\\Illuminate\\Container\\Container.php(576): Illuminate\\Container\\BoundMethod::call(Object(Illuminate\\Foundation\\Application), Array, Array, NULL)
#18 C:\\Users\\2ndyrGroupC\\Desktop\\Projects\\BBOHRSystem\\vendor\\laravel\\framework\\src\\Illuminate\\Console\\Command.php(183): Illuminate\\Container\\Container->call(Array)
#19 C:\\Users\\2ndyrGroupC\\Desktop\\Projects\\BBOHRSystem\\vendor\\symfony\\console\\Command\\Command.php(255): Illuminate\\Console\\Command->execute(Object(Symfony\\Component\\Console\\Input\\ArrayInput), Object(Illuminate\\Console\\OutputStyle))
#20 C:\\Users\\2ndyrGroupC\\Desktop\\Projects\\BBOHRSystem\\vendor\\laravel\\framework\\src\\Illuminate\\Console\\Command.php(170): Symfony\\Component\\Console\\Command\\Command->run(Object(Symfony\\Component\\Console\\Input\\ArrayInput), Object(Illuminate\\Console\\OutputStyle))
#21 C:\\Users\\2ndyrGroupC\\Desktop\\Projects\\BBOHRSystem\\vendor\\laravel\\framework\\src\\Illuminate\\Console\\Command.php(198): Illuminate\\Console\\Command->run(Object(Symfony\\Component\\Console\\Input\\ArrayInput), Object(Illuminate\\Console\\OutputStyle))
#22 C:\\Users\\2ndyrGroupC\\Desktop\\Projects\\BBOHRSystem\\vendor\\laravel\\framework\\src\\Illuminate\\Database\\Console\\Migrations\\RefreshCommand.php(60): Illuminate\\Console\\Command->call('migrate', Array)
#23 [internal function]: Illuminate\\Database\\Console\\Migrations\\RefreshCommand->handle()
#24 C:\\Users\\2ndyrGroupC\\Desktop\\Projects\\BBOHRSystem\\vendor\\laravel\\framework\\src\\Illuminate\\Container\\BoundMethod.php(32): call_user_func_array(Array, Array)
#25 C:\\Users\\2ndyrGroupC\\Desktop\\Projects\\BBOHRSystem\\vendor\\laravel\\framework\\src\\Illuminate\\Container\\BoundMethod.php(90): Illuminate\\Container\\BoundMethod::Illuminate\\Container\\{closure}()
#26 C:\\Users\\2ndyrGroupC\\Desktop\\Projects\\BBOHRSystem\\vendor\\laravel\\framework\\src\\Illuminate\\Container\\BoundMethod.php(34): Illuminate\\Container\\BoundMethod::callBoundMethod(Object(Illuminate\\Foundation\\Application), Array, Object(Closure))
#27 C:\\Users\\2ndyrGroupC\\Desktop\\Projects\\BBOHRSystem\\vendor\\laravel\\framework\\src\\Illuminate\\Container\\Container.php(576): Illuminate\\Container\\BoundMethod::call(Object(Illuminate\\Foundation\\Application), Array, Array, NULL)
#28 C:\\Users\\2ndyrGroupC\\Desktop\\Projects\\BBOHRSystem\\vendor\\laravel\\framework\\src\\Illuminate\\Console\\Command.php(183): Illuminate\\Container\\Container->call(Array)
#29 C:\\Users\\2ndyrGroupC\\Desktop\\Projects\\BBOHRSystem\\vendor\\symfony\\console\\Command\\Command.php(255): Illuminate\\Console\\Command->execute(Object(Symfony\\Component\\Console\\Input\\ArgvInput), Object(Illuminate\\Console\\OutputStyle))
#30 C:\\Users\\2ndyrGroupC\\Desktop\\Projects\\BBOHRSystem\\vendor\\laravel\\framework\\src\\Illuminate\\Console\\Command.php(170): Symfony\\Component\\Console\\Command\\Command->run(Object(Symfony\\Component\\Console\\Input\\ArgvInput), Object(Illuminate\\Console\\OutputStyle))
#31 C:\\Users\\2ndyrGroupC\\Desktop\\Projects\\BBOHRSystem\\vendor\\symfony\\console\\Application.php(1009): Illuminate\\Console\\Command->run(Object(Symfony\\Component\\Console\\Input\\ArgvInput), Object(Symfony\\Component\\Console\\Output\\ConsoleOutput))
#32 C:\\Users\\2ndyrGroupC\\Desktop\\Projects\\BBOHRSystem\\vendor\\symfony\\console\\Application.php(273): Symfony\\Component\\Console\\Application->doRunCommand(Object(Illuminate\\Database\\Console\\Migrations\\RefreshCommand), Object(Symfony\\Component\\Console\\Input\\ArgvInput), Object(Symfony\\Component\\Console\\Output\\ConsoleOutput))
#33 C:\\Users\\2ndyrGroupC\\Desktop\\Projects\\BBOHRSystem\\vendor\\symfony\\console\\Application.php(149): Symfony\\Component\\Console\\Application->doRun(Object(Symfony\\Component\\Console\\Input\\ArgvInput), Object(Symfony\\Component\\Console\\Output\\ConsoleOutput))
#34 C:\\Users\\2ndyrGroupC\\Desktop\\Projects\\BBOHRSystem\\vendor\\laravel\\framework\\src\\Illuminate\\Console\\Application.php(90): Symfony\\Component\\Console\\Application->run(Object(Symfony\\Component\\Console\\Input\\ArgvInput), Object(Symfony\\Component\\Console\\Output\\ConsoleOutput))
#35 C:\\Users\\2ndyrGroupC\\Desktop\\Projects\\BBOHRSystem\\vendor\\laravel\\framework\\src\\Illuminate\\Foundation\\Console\\Kernel.php(133): Illuminate\\Console\\Application->run(Object(Symfony\\Component\\Console\\Input\\ArgvInput), Object(Symfony\\Component\\Console\\Output\\ConsoleOutput))
#36 C:\\Users\\2ndyrGroupC\\Desktop\\Projects\\BBOHRSystem\\artisan(37): Illuminate\\Foundation\\Console\\Kernel->handle(Object(Symfony\\Component\\Console\\Input\\ArgvInput), Object(Symfony\\Component\\Console\\Output\\ConsoleOutput))
#37 {main}
"} 
[2020-10-09 13:17:43] local.ERROR: SQLSTATE[HY000]: General error: 1005 Can't create table `bbo_request_db`.`role_users` (errno: 150 "Foreign key constraint is incorrectly formed") (SQL: alter table `role_users` add constraint `role_users_role_id_foreign` foreign key (`role_id`) references `roles` (`id`) on delete cascade) {"exception":"[object] (Illuminate\\Database\\QueryException(code: HY000): SQLSTATE[HY000]: General error: 1005 Can't create table `bbo_request_db`.`role_users` (errno: 150 \"Foreign key constraint is incorrectly formed\") (SQL: alter table `role_users` add constraint `role_users_role_id_foreign` foreign key (`role_id`) references `roles` (`id`) on delete cascade) at C:\\Users\\2ndyrGroupC\\Desktop\\Projects\\BBOHRSystem\\vendor\\laravel\\framework\\src\\Illuminate\\Database\\Connection.php:664, PDOException(code: HY000): SQLSTATE[HY000]: General error: 1005 Can't create table `bbo_request_db`.`role_users` (errno: 150 \"Foreign key constraint is incorrectly formed\") at C:\\Users\\2ndyrGroupC\\Desktop\\Projects\\BBOHRSystem\\vendor\\laravel\\framework\\src\\Illuminate\\Database\\Connection.php:458)
[stacktrace]
#0 C:\\Users\\2ndyrGroupC\\Desktop\\Projects\\BBOHRSystem\\vendor\\laravel\\framework\\src\\Illuminate\\Database\\Connection.php(624): Illuminate\\Database\\Connection->runQueryCallback('alter table `ro...', Array, Object(Closure))
#1 C:\\Users\\2ndyrGroupC\\Desktop\\Projects\\BBOHRSystem\\vendor\\laravel\\framework\\src\\Illuminate\\Database\\Connection.php(459): Illuminate\\Database\\Connection->run('alter table `ro...', Array, Object(Closure))
#2 C:\\Users\\2ndyrGroupC\\Desktop\\Projects\\BBOHRSystem\\vendor\\laravel\\framework\\src\\Illuminate\\Database\\Schema\\Blueprint.php(97): Illuminate\\Database\\Connection->statement('alter table `ro...')
#3 C:\\Users\\2ndyrGroupC\\Desktop\\Projects\\BBOHRSystem\\vendor\\laravel\\framework\\src\\Illuminate\\Database\\Schema\\Builder.php(278): Illuminate\\Database\\Schema\\Blueprint->build(Object(Illuminate\\Database\\MySqlConnection), Object(Illuminate\\Database\\Schema\\Grammars\\MySqlGrammar))
#4 C:\\Users\\2ndyrGroupC\\Desktop\\Projects\\BBOHRSystem\\vendor\\laravel\\framework\\src\\Illuminate\\Database\\Schema\\Builder.php(167): Illuminate\\Database\\Schema\\Builder->build(Object(Illuminate\\Database\\Schema\\Blueprint))
#5 C:\\Users\\2ndyrGroupC\\Desktop\\Projects\\BBOHRSystem\\vendor\\laravel\\framework\\src\\Illuminate\\Support\\Facades\\Facade.php(239): Illuminate\\Database\\Schema\\Builder->create('role_users', Object(Closure))
#6 C:\\Users\\2ndyrGroupC\\Desktop\\Projects\\BBOHRSystem\\database\\migrations\\2020_10_09_125253_create_role_users_table.php(23): Illuminate\\Support\\Facades\\Facade::__callStatic('create', Array)
#7 C:\\Users\\2ndyrGroupC\\Desktop\\Projects\\BBOHRSystem\\vendor\\laravel\\framework\\src\\Illuminate\\Database\\Migrations\\Migrator.php(387): CreateRoleUsersTable->up()
#8 C:\\Users\\2ndyrGroupC\\Desktop\\Projects\\BBOHRSystem\\vendor\\laravel\\framework\\src\\Illuminate\\Database\\Migrations\\Migrator.php(396): Illuminate\\Database\\Migrations\\Migrator->Illuminate\\Database\\Migrations\\{closure}()
#9 C:\\Users\\2ndyrGroupC\\Desktop\\Projects\\BBOHRSystem\\vendor\\laravel\\framework\\src\\Illuminate\\Database\\Migrations\\Migrator.php(197): Illuminate\\Database\\Migrations\\Migrator->runMigration(Object(CreateRoleUsersTable), 'up')
#10 C:\\Users\\2ndyrGroupC\\Desktop\\Projects\\BBOHRSystem\\vendor\\laravel\\framework\\src\\Illuminate\\Database\\Migrations\\Migrator.php(162): Illuminate\\Database\\Migrations\\Migrator->runUp('C:\\\\Users\\\\2ndyrG...', 1, false)
#11 C:\\Users\\2ndyrGroupC\\Desktop\\Projects\\BBOHRSystem\\vendor\\laravel\\framework\\src\\Illuminate\\Database\\Migrations\\Migrator.php(109): Illuminate\\Database\\Migrations\\Migrator->runPending(Array, Array)
#12 C:\\Users\\2ndyrGroupC\\Desktop\\Projects\\BBOHRSystem\\vendor\\laravel\\framework\\src\\Illuminate\\Database\\Console\\Migrations\\MigrateCommand.php(71): Illuminate\\Database\\Migrations\\Migrator->run(Array, Array)
#13 [internal function]: Illuminate\\Database\\Console\\Migrations\\MigrateCommand->handle()
#14 C:\\Users\\2ndyrGroupC\\Desktop\\Projects\\BBOHRSystem\\vendor\\laravel\\framework\\src\\Illuminate\\Container\\BoundMethod.php(32): call_user_func_array(Array, Array)
#15 C:\\Users\\2ndyrGroupC\\Desktop\\Projects\\BBOHRSystem\\vendor\\laravel\\framework\\src\\Illuminate\\Container\\BoundMethod.php(90): Illuminate\\Container\\BoundMethod::Illuminate\\Container\\{closure}()
#16 C:\\Users\\2ndyrGroupC\\Desktop\\Projects\\BBOHRSystem\\vendor\\laravel\\framework\\src\\Illuminate\\Container\\BoundMethod.php(34): Illuminate\\Container\\BoundMethod::callBoundMethod(Object(Illuminate\\Foundation\\Application), Array, Object(Closure))
#17 C:\\Users\\2ndyrGroupC\\Desktop\\Projects\\BBOHRSystem\\vendor\\laravel\\framework\\src\\Illuminate\\Container\\Container.php(576): Illuminate\\Container\\BoundMethod::call(Object(Illuminate\\Foundation\\Application), Array, Array, NULL)
#18 C:\\Users\\2ndyrGroupC\\Desktop\\Projects\\BBOHRSystem\\vendor\\laravel\\framework\\src\\Illuminate\\Console\\Command.php(183): Illuminate\\Container\\Container->call(Array)
#19 C:\\Users\\2ndyrGroupC\\Desktop\\Projects\\BBOHRSystem\\vendor\\symfony\\console\\Command\\Command.php(255): Illuminate\\Console\\Command->execute(Object(Symfony\\Component\\Console\\Input\\ArrayInput), Object(Illuminate\\Console\\OutputStyle))
#20 C:\\Users\\2ndyrGroupC\\Desktop\\Projects\\BBOHRSystem\\vendor\\laravel\\framework\\src\\Illuminate\\Console\\Command.php(170): Symfony\\Component\\Console\\Command\\Command->run(Object(Symfony\\Component\\Console\\Input\\ArrayInput), Object(Illuminate\\Console\\OutputStyle))
#21 C:\\Users\\2ndyrGroupC\\Desktop\\Projects\\BBOHRSystem\\vendor\\laravel\\framework\\src\\Illuminate\\Console\\Command.php(198): Illuminate\\Console\\Command->run(Object(Symfony\\Component\\Console\\Input\\ArrayInput), Object(Illuminate\\Console\\OutputStyle))
#22 C:\\Users\\2ndyrGroupC\\Desktop\\Projects\\BBOHRSystem\\vendor\\laravel\\framework\\src\\Illuminate\\Database\\Console\\Migrations\\FreshCommand.php(61): Illuminate\\Console\\Command->call('migrate', Array)
#23 [internal function]: Illuminate\\Database\\Console\\Migrations\\FreshCommand->handle()
#24 C:\\Users\\2ndyrGroupC\\Desktop\\Projects\\BBOHRSystem\\vendor\\laravel\\framework\\src\\Illuminate\\Container\\BoundMethod.php(32): call_user_func_array(Array, Array)
#25 C:\\Users\\2ndyrGroupC\\Desktop\\Projects\\BBOHRSystem\\vendor\\laravel\\framework\\src\\Illuminate\\Container\\BoundMethod.php(90): Illuminate\\Container\\BoundMethod::Illuminate\\Container\\{closure}()
#26 C:\\Users\\2ndyrGroupC\\Desktop\\Projects\\BBOHRSystem\\vendor\\laravel\\framework\\src\\Illuminate\\Container\\BoundMethod.php(34): Illuminate\\Container\\BoundMethod::callBoundMethod(Object(Illuminate\\Foundation\\Application), Array, Object(Closure))
#27 C:\\Users\\2ndyrGroupC\\Desktop\\Projects\\BBOHRSystem\\vendor\\laravel\\framework\\src\\Illuminate\\Container\\Container.php(576): Illuminate\\Container\\BoundMethod::call(Object(Illuminate\\Foundation\\Application), Array, Array, NULL)
#28 C:\\Users\\2ndyrGroupC\\Desktop\\Projects\\BBOHRSystem\\vendor\\laravel\\framework\\src\\Illuminate\\Console\\Command.php(183): Illuminate\\Container\\Container->call(Array)
#29 C:\\Users\\2ndyrGroupC\\Desktop\\Projects\\BBOHRSystem\\vendor\\symfony\\console\\Command\\Command.php(255): Illuminate\\Console\\Command->execute(Object(Symfony\\Component\\Console\\Input\\ArgvInput), Object(Illuminate\\Console\\OutputStyle))
#30 C:\\Users\\2ndyrGroupC\\Desktop\\Projects\\BBOHRSystem\\vendor\\laravel\\framework\\src\\Illuminate\\Console\\Command.php(170): Symfony\\Component\\Console\\Command\\Command->run(Object(Symfony\\Component\\Console\\Input\\ArgvInput), Object(Illuminate\\Console\\OutputStyle))
#31 C:\\Users\\2ndyrGroupC\\Desktop\\Projects\\BBOHRSystem\\vendor\\symfony\\console\\Application.php(1009): Illuminate\\Console\\Command->run(Object(Symfony\\Component\\Console\\Input\\ArgvInput), Object(Symfony\\Component\\Console\\Output\\ConsoleOutput))
#32 C:\\Users\\2ndyrGroupC\\Desktop\\Projects\\BBOHRSystem\\vendor\\symfony\\console\\Application.php(273): Symfony\\Component\\Console\\Application->doRunCommand(Object(Illuminate\\Database\\Console\\Migrations\\FreshCommand), Object(Symfony\\Component\\Console\\Input\\ArgvInput), Object(Symfony\\Component\\Console\\Output\\ConsoleOutput))
#33 C:\\Users\\2ndyrGroupC\\Desktop\\Projects\\BBOHRSystem\\vendor\\symfony\\console\\Application.php(149): Symfony\\Component\\Console\\Application->doRun(Object(Symfony\\Component\\Console\\Input\\ArgvInput), Object(Symfony\\Component\\Console\\Output\\ConsoleOutput))
#34 C:\\Users\\2ndyrGroupC\\Desktop\\Projects\\BBOHRSystem\\vendor\\laravel\\framework\\src\\Illuminate\\Console\\Application.php(90): Symfony\\Component\\Console\\Application->run(Object(Symfony\\Component\\Console\\Input\\ArgvInput), Object(Symfony\\Component\\Console\\Output\\ConsoleOutput))
#35 C:\\Users\\2ndyrGroupC\\Desktop\\Projects\\BBOHRSystem\\vendor\\laravel\\framework\\src\\Illuminate\\Foundation\\Console\\Kernel.php(133): Illuminate\\Console\\Application->run(Object(Symfony\\Component\\Console\\Input\\ArgvInput), Object(Symfony\\Component\\Console\\Output\\ConsoleOutput))
#36 C:\\Users\\2ndyrGroupC\\Desktop\\Projects\\BBOHRSystem\\artisan(37): Illuminate\\Foundation\\Console\\Kernel->handle(Object(Symfony\\Component\\Console\\Input\\ArgvInput), Object(Symfony\\Component\\Console\\Output\\ConsoleOutput))
#37 {main}
"} 
[2020-10-09 13:19:09] local.ERROR: Trying to get property 'name' of non-object {"exception":"[object] (ErrorException(code: 0): Trying to get property 'name' of non-object at C:\\Users\\2ndyrGroupC\\Desktop\\Projects\\BBOHRSystem\\database\\factories\\UserFactory.php:34)
[stacktrace]
#0 C:\\Users\\2ndyrGroupC\\Desktop\\Projects\\BBOHRSystem\\database\\factories\\UserFactory.php(34): Illuminate\\Foundation\\Bootstrap\\HandleExceptions->handleError(8, 'Trying to get p...', 'C:\\\\Users\\\\2ndyrG...', 34, Array)
#1 C:\\Users\\2ndyrGroupC\\Desktop\\Projects\\BBOHRSystem\\vendor\\laravel\\framework\\src\\Illuminate\\Database\\Eloquent\\FactoryBuilder.php(433): Illuminate\\Database\\Eloquent\\Factory->{closure}(Object(App\\Models\\User), Object(Faker\\Generator))
#2 C:\\Users\\2ndyrGroupC\\Desktop\\Projects\\BBOHRSystem\\vendor\\laravel\\framework\\src\\Illuminate\\Database\\Eloquent\\FactoryBuilder.php(413): Illuminate\\Database\\Eloquent\\FactoryBuilder->callAfterCallbacks(Array, Object(App\\Models\\User), 'default')
#3 C:\\Users\\2ndyrGroupC\\Desktop\\Projects\\BBOHRSystem\\vendor\\laravel\\framework\\src\\Illuminate\\Support\\Collection.php(475): Illuminate\\Database\\Eloquent\\FactoryBuilder->Illuminate\\Database\\Eloquent\\{closure}(Object(App\\Models\\User), 0)
#4 C:\\Users\\2ndyrGroupC\\Desktop\\Projects\\BBOHRSystem\\vendor\\laravel\\framework\\src\\Illuminate\\Database\\Eloquent\\FactoryBuilder.php(415): Illuminate\\Support\\Collection->each(Object(Closure))
#5 C:\\Users\\2ndyrGroupC\\Desktop\\Projects\\BBOHRSystem\\vendor\\laravel\\framework\\src\\Illuminate\\Database\\Eloquent\\FactoryBuilder.php(397): Illuminate\\Database\\Eloquent\\FactoryBuilder->callAfter(Array, Object(Illuminate\\Database\\Eloquent\\Collection))
#6 C:\\Users\\2ndyrGroupC\\Desktop\\Projects\\BBOHRSystem\\vendor\\laravel\\framework\\src\\Illuminate\\Database\\Eloquent\\FactoryBuilder.php(187): Illuminate\\Database\\Eloquent\\FactoryBuilder->callAfterCreating(Object(Illuminate\\Database\\Eloquent\\Collection))
#7 C:\\Users\\2ndyrGroupC\\Desktop\\Projects\\BBOHRSystem\\database\\seeds\\UserSeeder.php(16): Illuminate\\Database\\Eloquent\\FactoryBuilder->create()
#8 [internal function]: UserSeeder->run()
#9 C:\\Users\\2ndyrGroupC\\Desktop\\Projects\\BBOHRSystem\\vendor\\laravel\\framework\\src\\Illuminate\\Container\\BoundMethod.php(32): call_user_func_array(Array, Array)
#10 C:\\Users\\2ndyrGroupC\\Desktop\\Projects\\BBOHRSystem\\vendor\\laravel\\framework\\src\\Illuminate\\Container\\BoundMethod.php(90): Illuminate\\Container\\BoundMethod::Illuminate\\Container\\{closure}()
#11 C:\\Users\\2ndyrGroupC\\Desktop\\Projects\\BBOHRSystem\\vendor\\laravel\\framework\\src\\Illuminate\\Container\\BoundMethod.php(34): Illuminate\\Container\\BoundMethod::callBoundMethod(Object(Illuminate\\Foundation\\Application), Array, Object(Closure))
#12 C:\\Users\\2ndyrGroupC\\Desktop\\Projects\\BBOHRSystem\\vendor\\laravel\\framework\\src\\Illuminate\\Container\\Container.php(576): Illuminate\\Container\\BoundMethod::call(Object(Illuminate\\Foundation\\Application), Array, Array, NULL)
#13 C:\\Users\\2ndyrGroupC\\Desktop\\Projects\\BBOHRSystem\\vendor\\laravel\\framework\\src\\Illuminate\\Database\\Seeder.php(124): Illuminate\\Container\\Container->call(Array)
#14 C:\\Users\\2ndyrGroupC\\Desktop\\Projects\\BBOHRSystem\\vendor\\laravel\\framework\\src\\Illuminate\\Database\\Seeder.php(44): Illuminate\\Database\\Seeder->__invoke()
#15 C:\\Users\\2ndyrGroupC\\Desktop\\Projects\\BBOHRSystem\\database\\seeds\\DatabaseSeeder.php(15): Illuminate\\Database\\Seeder->call('UserSeeder')
#16 [internal function]: DatabaseSeeder->run()
#17 C:\\Users\\2ndyrGroupC\\Desktop\\Projects\\BBOHRSystem\\vendor\\laravel\\framework\\src\\Illuminate\\Container\\BoundMethod.php(32): call_user_func_array(Array, Array)
#18 C:\\Users\\2ndyrGroupC\\Desktop\\Projects\\BBOHRSystem\\vendor\\laravel\\framework\\src\\Illuminate\\Container\\BoundMethod.php(90): Illuminate\\Container\\BoundMethod::Illuminate\\Container\\{closure}()
#19 C:\\Users\\2ndyrGroupC\\Desktop\\Projects\\BBOHRSystem\\vendor\\laravel\\framework\\src\\Illuminate\\Container\\BoundMethod.php(34): Illuminate\\Container\\BoundMethod::callBoundMethod(Object(Illuminate\\Foundation\\Application), Array, Object(Closure))
#20 C:\\Users\\2ndyrGroupC\\Desktop\\Projects\\BBOHRSystem\\vendor\\laravel\\framework\\src\\Illuminate\\Container\\Container.php(576): Illuminate\\Container\\BoundMethod::call(Object(Illuminate\\Foundation\\Application), Array, Array, NULL)
#21 C:\\Users\\2ndyrGroupC\\Desktop\\Projects\\BBOHRSystem\\vendor\\laravel\\framework\\src\\Illuminate\\Database\\Seeder.php(124): Illuminate\\Container\\Container->call(Array)
#22 C:\\Users\\2ndyrGroupC\\Desktop\\Projects\\BBOHRSystem\\vendor\\laravel\\framework\\src\\Illuminate\\Database\\Console\\Seeds\\SeedCommand.php(63): Illuminate\\Database\\Seeder->__invoke()
#23 C:\\Users\\2ndyrGroupC\\Desktop\\Projects\\BBOHRSystem\\vendor\\laravel\\framework\\src\\Illuminate\\Database\\Eloquent\\Concerns\\GuardsAttributes.php(122): Illuminate\\Database\\Console\\Seeds\\SeedCommand->Illuminate\\Database\\Console\\Seeds\\{closure}()
#24 C:\\Users\\2ndyrGroupC\\Desktop\\Projects\\BBOHRSystem\\vendor\\laravel\\framework\\src\\Illuminate\\Database\\Console\\Seeds\\SeedCommand.php(64): Illuminate\\Database\\Eloquent\\Model::unguarded(Object(Closure))
#25 [internal function]: Illuminate\\Database\\Console\\Seeds\\SeedCommand->handle()
#26 C:\\Users\\2ndyrGroupC\\Desktop\\Projects\\BBOHRSystem\\vendor\\laravel\\framework\\src\\Illuminate\\Container\\BoundMethod.php(32): call_user_func_array(Array, Array)
#27 C:\\Users\\2ndyrGroupC\\Desktop\\Projects\\BBOHRSystem\\vendor\\laravel\\framework\\src\\Illuminate\\Container\\BoundMethod.php(90): Illuminate\\Container\\BoundMethod::Illuminate\\Container\\{closure}()
#28 C:\\Users\\2ndyrGroupC\\Desktop\\Projects\\BBOHRSystem\\vendor\\laravel\\framework\\src\\Illuminate\\Container\\BoundMethod.php(34): Illuminate\\Container\\BoundMethod::callBoundMethod(Object(Illuminate\\Foundation\\Application), Array, Object(Closure))
#29 C:\\Users\\2ndyrGroupC\\Desktop\\Projects\\BBOHRSystem\\vendor\\laravel\\framework\\src\\Illuminate\\Container\\Container.php(576): Illuminate\\Container\\BoundMethod::call(Object(Illuminate\\Foundation\\Application), Array, Array, NULL)
#30 C:\\Users\\2ndyrGroupC\\Desktop\\Projects\\BBOHRSystem\\vendor\\laravel\\framework\\src\\Illuminate\\Console\\Command.php(183): Illuminate\\Container\\Container->call(Array)
#31 C:\\Users\\2ndyrGroupC\\Desktop\\Projects\\BBOHRSystem\\vendor\\symfony\\console\\Command\\Command.php(255): Illuminate\\Console\\Command->execute(Object(Symfony\\Component\\Console\\Input\\ArrayInput), Object(Illuminate\\Console\\OutputStyle))
#32 C:\\Users\\2ndyrGroupC\\Desktop\\Projects\\BBOHRSystem\\vendor\\laravel\\framework\\src\\Illuminate\\Console\\Command.php(170): Symfony\\Component\\Console\\Command\\Command->run(Object(Symfony\\Component\\Console\\Input\\ArrayInput), Object(Illuminate\\Console\\OutputStyle))
#33 C:\\Users\\2ndyrGroupC\\Desktop\\Projects\\BBOHRSystem\\vendor\\laravel\\framework\\src\\Illuminate\\Console\\Command.php(198): Illuminate\\Console\\Command->run(Object(Symfony\\Component\\Console\\Input\\ArrayInput), Object(Illuminate\\Console\\OutputStyle))
#34 C:\\Users\\2ndyrGroupC\\Desktop\\Projects\\BBOHRSystem\\vendor\\laravel\\framework\\src\\Illuminate\\Database\\Console\\Migrations\\FreshCommand.php(127): Illuminate\\Console\\Command->call('db:seed', Array)
#35 C:\\Users\\2ndyrGroupC\\Desktop\\Projects\\BBOHRSystem\\vendor\\laravel\\framework\\src\\Illuminate\\Database\\Console\\Migrations\\FreshCommand.php(65): Illuminate\\Database\\Console\\Migrations\\FreshCommand->runSeeder(NULL)
#36 [internal function]: Illuminate\\Database\\Console\\Migrations\\FreshCommand->handle()
#37 C:\\Users\\2ndyrGroupC\\Desktop\\Projects\\BBOHRSystem\\vendor\\laravel\\framework\\src\\Illuminate\\Container\\BoundMethod.php(32): call_user_func_array(Array, Array)
#38 C:\\Users\\2ndyrGroupC\\Desktop\\Projects\\BBOHRSystem\\vendor\\laravel\\framework\\src\\Illuminate\\Container\\BoundMethod.php(90): Illuminate\\Container\\BoundMethod::Illuminate\\Container\\{closure}()
#39 C:\\Users\\2ndyrGroupC\\Desktop\\Projects\\BBOHRSystem\\vendor\\laravel\\framework\\src\\Illuminate\\Container\\BoundMethod.php(34): Illuminate\\Container\\BoundMethod::callBoundMethod(Object(Illuminate\\Foundation\\Application), Array, Object(Closure))
#40 C:\\Users\\2ndyrGroupC\\Desktop\\Projects\\BBOHRSystem\\vendor\\laravel\\framework\\src\\Illuminate\\Container\\Container.php(576): Illuminate\\Container\\BoundMethod::call(Object(Illuminate\\Foundation\\Application), Array, Array, NULL)
#41 C:\\Users\\2ndyrGroupC\\Desktop\\Projects\\BBOHRSystem\\vendor\\laravel\\framework\\src\\Illuminate\\Console\\Command.php(183): Illuminate\\Container\\Container->call(Array)
#42 C:\\Users\\2ndyrGroupC\\Desktop\\Projects\\BBOHRSystem\\vendor\\symfony\\console\\Command\\Command.php(255): Illuminate\\Console\\Command->execute(Object(Symfony\\Component\\Console\\Input\\ArgvInput), Object(Illuminate\\Console\\OutputStyle))
#43 C:\\Users\\2ndyrGroupC\\Desktop\\Projects\\BBOHRSystem\\vendor\\laravel\\framework\\src\\Illuminate\\Console\\Command.php(170): Symfony\\Component\\Console\\Command\\Command->run(Object(Symfony\\Component\\Console\\Input\\ArgvInput), Object(Illuminate\\Console\\OutputStyle))
#44 C:\\Users\\2ndyrGroupC\\Desktop\\Projects\\BBOHRSystem\\vendor\\symfony\\console\\Application.php(1009): Illuminate\\Console\\Command->run(Object(Symfony\\Component\\Console\\Input\\ArgvInput), Object(Symfony\\Component\\Console\\Output\\ConsoleOutput))
#45 C:\\Users\\2ndyrGroupC\\Desktop\\Projects\\BBOHRSystem\\vendor\\symfony\\console\\Application.php(273): Symfony\\Component\\Console\\Application->doRunCommand(Object(Illuminate\\Database\\Console\\Migrations\\FreshCommand), Object(Symfony\\Component\\Console\\Input\\ArgvInput), Object(Symfony\\Component\\Console\\Output\\ConsoleOutput))
#46 C:\\Users\\2ndyrGroupC\\Desktop\\Projects\\BBOHRSystem\\vendor\\symfony\\console\\Application.php(149): Symfony\\Component\\Console\\Application->doRun(Object(Symfony\\Component\\Console\\Input\\ArgvInput), Object(Symfony\\Component\\Console\\Output\\ConsoleOutput))
#47 C:\\Users\\2ndyrGroupC\\Desktop\\Projects\\BBOHRSystem\\vendor\\laravel\\framework\\src\\Illuminate\\Console\\Application.php(90): Symfony\\Component\\Console\\Application->run(Object(Symfony\\Component\\Console\\Input\\ArgvInput), Object(Symfony\\Component\\Console\\Output\\ConsoleOutput))
#48 C:\\Users\\2ndyrGroupC\\Desktop\\Projects\\BBOHRSystem\\vendor\\laravel\\framework\\src\\Illuminate\\Foundation\\Console\\Kernel.php(133): Illuminate\\Console\\Application->run(Object(Symfony\\Component\\Console\\Input\\ArgvInput), Object(Symfony\\Component\\Console\\Output\\ConsoleOutput))
#49 C:\\Users\\2ndyrGroupC\\Desktop\\Projects\\BBOHRSystem\\artisan(37): Illuminate\\Foundation\\Console\\Kernel->handle(Object(Symfony\\Component\\Console\\Input\\ArgvInput), Object(Symfony\\Component\\Console\\Output\\ConsoleOutput))
#50 {main}
"} 
[2020-10-09 13:21:37] local.ERROR: SQLSTATE[42S02]: Base table or view not found: 1146 Table 'bbo_request_db.role_user' doesn't exist (SQL: insert into `role_user` (`role_id`, `user_id`) values (5, 1)) {"exception":"[object] (Illuminate\\Database\\QueryException(code: 42S02): SQLSTATE[42S02]: Base table or view not found: 1146 Table 'bbo_request_db.role_user' doesn't exist (SQL: insert into `role_user` (`role_id`, `user_id`) values (5, 1)) at C:\\Users\\2ndyrGroupC\\Desktop\\Projects\\BBOHRSystem\\vendor\\laravel\\framework\\src\\Illuminate\\Database\\Connection.php:664, PDOException(code: 42S02): SQLSTATE[42S02]: Base table or view not found: 1146 Table 'bbo_request_db.role_user' doesn't exist at C:\\Users\\2ndyrGroupC\\Desktop\\Projects\\BBOHRSystem\\vendor\\laravel\\framework\\src\\Illuminate\\Database\\Connection.php:452)
[stacktrace]
#0 C:\\Users\\2ndyrGroupC\\Desktop\\Projects\\BBOHRSystem\\vendor\\laravel\\framework\\src\\Illuminate\\Database\\Connection.php(624): Illuminate\\Database\\Connection->runQueryCallback('insert into `ro...', Array, Object(Closure))
#1 C:\\Users\\2ndyrGroupC\\Desktop\\Projects\\BBOHRSystem\\vendor\\laravel\\framework\\src\\Illuminate\\Database\\Connection.php(459): Illuminate\\Database\\Connection->run('insert into `ro...', Array, Object(Closure))
#2 C:\\Users\\2ndyrGroupC\\Desktop\\Projects\\BBOHRSystem\\vendor\\laravel\\framework\\src\\Illuminate\\Database\\Connection.php(411): Illuminate\\Database\\Connection->statement('insert into `ro...', Array)
#3 C:\\Users\\2ndyrGroupC\\Desktop\\Projects\\BBOHRSystem\\vendor\\laravel\\framework\\src\\Illuminate\\Database\\Query\\Builder.php(2646): Illuminate\\Database\\Connection->insert('insert into `ro...', Array)
#4 C:\\Users\\2ndyrGroupC\\Desktop\\Projects\\BBOHRSystem\\vendor\\laravel\\framework\\src\\Illuminate\\Database\\Eloquent\\Relations\\Concerns\\InteractsWithPivotTable.php(259): Illuminate\\Database\\Query\\Builder->insert(Array)
#5 C:\\Users\\2ndyrGroupC\\Desktop\\Projects\\BBOHRSystem\\database\\factories\\UserFactory.php(32): Illuminate\\Database\\Eloquent\\Relations\\BelongsToMany->attach(5)
#6 C:\\Users\\2ndyrGroupC\\Desktop\\Projects\\BBOHRSystem\\vendor\\laravel\\framework\\src\\Illuminate\\Database\\Eloquent\\FactoryBuilder.php(433): Illuminate\\Database\\Eloquent\\Factory->{closure}(Object(App\\Models\\User), Object(Faker\\Generator))
#7 C:\\Users\\2ndyrGroupC\\Desktop\\Projects\\BBOHRSystem\\vendor\\laravel\\framework\\src\\Illuminate\\Database\\Eloquent\\FactoryBuilder.php(413): Illuminate\\Database\\Eloquent\\FactoryBuilder->callAfterCallbacks(Array, Object(App\\Models\\User), 'default')
#8 C:\\Users\\2ndyrGroupC\\Desktop\\Projects\\BBOHRSystem\\vendor\\laravel\\framework\\src\\Illuminate\\Support\\Collection.php(475): Illuminate\\Database\\Eloquent\\FactoryBuilder->Illuminate\\Database\\Eloquent\\{closure}(Object(App\\Models\\User), 0)
#9 C:\\Users\\2ndyrGroupC\\Desktop\\Projects\\BBOHRSystem\\vendor\\laravel\\framework\\src\\Illuminate\\Database\\Eloquent\\FactoryBuilder.php(415): Illuminate\\Support\\Collection->each(Object(Closure))
#10 C:\\Users\\2ndyrGroupC\\Desktop\\Projects\\BBOHRSystem\\vendor\\laravel\\framework\\src\\Illuminate\\Database\\Eloquent\\FactoryBuilder.php(397): Illuminate\\Database\\Eloquent\\FactoryBuilder->callAfter(Array, Object(Illuminate\\Database\\Eloquent\\Collection))
#11 C:\\Users\\2ndyrGroupC\\Desktop\\Projects\\BBOHRSystem\\vendor\\laravel\\framework\\src\\Illuminate\\Database\\Eloquent\\FactoryBuilder.php(187): Illuminate\\Database\\Eloquent\\FactoryBuilder->callAfterCreating(Object(Illuminate\\Database\\Eloquent\\Collection))
#12 C:\\Users\\2ndyrGroupC\\Desktop\\Projects\\BBOHRSystem\\database\\seeds\\UserSeeder.php(16): Illuminate\\Database\\Eloquent\\FactoryBuilder->create()
#13 [internal function]: UserSeeder->run()
#14 C:\\Users\\2ndyrGroupC\\Desktop\\Projects\\BBOHRSystem\\vendor\\laravel\\framework\\src\\Illuminate\\Container\\BoundMethod.php(32): call_user_func_array(Array, Array)
#15 C:\\Users\\2ndyrGroupC\\Desktop\\Projects\\BBOHRSystem\\vendor\\laravel\\framework\\src\\Illuminate\\Container\\BoundMethod.php(90): Illuminate\\Container\\BoundMethod::Illuminate\\Container\\{closure}()
#16 C:\\Users\\2ndyrGroupC\\Desktop\\Projects\\BBOHRSystem\\vendor\\laravel\\framework\\src\\Illuminate\\Container\\BoundMethod.php(34): Illuminate\\Container\\BoundMethod::callBoundMethod(Object(Illuminate\\Foundation\\Application), Array, Object(Closure))
#17 C:\\Users\\2ndyrGroupC\\Desktop\\Projects\\BBOHRSystem\\vendor\\laravel\\framework\\src\\Illuminate\\Container\\Container.php(576): Illuminate\\Container\\BoundMethod::call(Object(Illuminate\\Foundation\\Application), Array, Array, NULL)
#18 C:\\Users\\2ndyrGroupC\\Desktop\\Projects\\BBOHRSystem\\vendor\\laravel\\framework\\src\\Illuminate\\Database\\Seeder.php(124): Illuminate\\Container\\Container->call(Array)
#19 C:\\Users\\2ndyrGroupC\\Desktop\\Projects\\BBOHRSystem\\vendor\\laravel\\framework\\src\\Illuminate\\Database\\Seeder.php(44): Illuminate\\Database\\Seeder->__invoke()
#20 C:\\Users\\2ndyrGroupC\\Desktop\\Projects\\BBOHRSystem\\database\\seeds\\DatabaseSeeder.php(15): Illuminate\\Database\\Seeder->call('UserSeeder')
#21 [internal function]: DatabaseSeeder->run()
#22 C:\\Users\\2ndyrGroupC\\Desktop\\Projects\\BBOHRSystem\\vendor\\laravel\\framework\\src\\Illuminate\\Container\\BoundMethod.php(32): call_user_func_array(Array, Array)
#23 C:\\Users\\2ndyrGroupC\\Desktop\\Projects\\BBOHRSystem\\vendor\\laravel\\framework\\src\\Illuminate\\Container\\BoundMethod.php(90): Illuminate\\Container\\BoundMethod::Illuminate\\Container\\{closure}()
#24 C:\\Users\\2ndyrGroupC\\Desktop\\Projects\\BBOHRSystem\\vendor\\laravel\\framework\\src\\Illuminate\\Container\\BoundMethod.php(34): Illuminate\\Container\\BoundMethod::callBoundMethod(Object(Illuminate\\Foundation\\Application), Array, Object(Closure))
#25 C:\\Users\\2ndyrGroupC\\Desktop\\Projects\\BBOHRSystem\\vendor\\laravel\\framework\\src\\Illuminate\\Container\\Container.php(576): Illuminate\\Container\\BoundMethod::call(Object(Illuminate\\Foundation\\Application), Array, Array, NULL)
#26 C:\\Users\\2ndyrGroupC\\Desktop\\Projects\\BBOHRSystem\\vendor\\laravel\\framework\\src\\Illuminate\\Database\\Seeder.php(124): Illuminate\\Container\\Container->call(Array)
#27 C:\\Users\\2ndyrGroupC\\Desktop\\Projects\\BBOHRSystem\\vendor\\laravel\\framework\\src\\Illuminate\\Database\\Console\\Seeds\\SeedCommand.php(63): Illuminate\\Database\\Seeder->__invoke()
#28 C:\\Users\\2ndyrGroupC\\Desktop\\Projects\\BBOHRSystem\\vendor\\laravel\\framework\\src\\Illuminate\\Database\\Eloquent\\Concerns\\GuardsAttributes.php(122): Illuminate\\Database\\Console\\Seeds\\SeedCommand->Illuminate\\Database\\Console\\Seeds\\{closure}()
#29 C:\\Users\\2ndyrGroupC\\Desktop\\Projects\\BBOHRSystem\\vendor\\laravel\\framework\\src\\Illuminate\\Database\\Console\\Seeds\\SeedCommand.php(64): Illuminate\\Database\\Eloquent\\Model::unguarded(Object(Closure))
#30 [internal function]: Illuminate\\Database\\Console\\Seeds\\SeedCommand->handle()
#31 C:\\Users\\2ndyrGroupC\\Desktop\\Projects\\BBOHRSystem\\vendor\\laravel\\framework\\src\\Illuminate\\Container\\BoundMethod.php(32): call_user_func_array(Array, Array)
#32 C:\\Users\\2ndyrGroupC\\Desktop\\Projects\\BBOHRSystem\\vendor\\laravel\\framework\\src\\Illuminate\\Container\\BoundMethod.php(90): Illuminate\\Container\\BoundMethod::Illuminate\\Container\\{closure}()
#33 C:\\Users\\2ndyrGroupC\\Desktop\\Projects\\BBOHRSystem\\vendor\\laravel\\framework\\src\\Illuminate\\Container\\BoundMethod.php(34): Illuminate\\Container\\BoundMethod::callBoundMethod(Object(Illuminate\\Foundation\\Application), Array, Object(Closure))
#34 C:\\Users\\2ndyrGroupC\\Desktop\\Projects\\BBOHRSystem\\vendor\\laravel\\framework\\src\\Illuminate\\Container\\Container.php(576): Illuminate\\Container\\BoundMethod::call(Object(Illuminate\\Foundation\\Application), Array, Array, NULL)
#35 C:\\Users\\2ndyrGroupC\\Desktop\\Projects\\BBOHRSystem\\vendor\\laravel\\framework\\src\\Illuminate\\Console\\Command.php(183): Illuminate\\Container\\Container->call(Array)
#36 C:\\Users\\2ndyrGroupC\\Desktop\\Projects\\BBOHRSystem\\vendor\\symfony\\console\\Command\\Command.php(255): Illuminate\\Console\\Command->execute(Object(Symfony\\Component\\Console\\Input\\ArrayInput), Object(Illuminate\\Console\\OutputStyle))
#37 C:\\Users\\2ndyrGroupC\\Desktop\\Projects\\BBOHRSystem\\vendor\\laravel\\framework\\src\\Illuminate\\Console\\Command.php(170): Symfony\\Component\\Console\\Command\\Command->run(Object(Symfony\\Component\\Console\\Input\\ArrayInput), Object(Illuminate\\Console\\OutputStyle))
#38 C:\\Users\\2ndyrGroupC\\Desktop\\Projects\\BBOHRSystem\\vendor\\laravel\\framework\\src\\Illuminate\\Console\\Command.php(198): Illuminate\\Console\\Command->run(Object(Symfony\\Component\\Console\\Input\\ArrayInput), Object(Illuminate\\Console\\OutputStyle))
#39 C:\\Users\\2ndyrGroupC\\Desktop\\Projects\\BBOHRSystem\\vendor\\laravel\\framework\\src\\Illuminate\\Database\\Console\\Migrations\\FreshCommand.php(127): Illuminate\\Console\\Command->call('db:seed', Array)
#40 C:\\Users\\2ndyrGroupC\\Desktop\\Projects\\BBOHRSystem\\vendor\\laravel\\framework\\src\\Illuminate\\Database\\Console\\Migrations\\FreshCommand.php(65): Illuminate\\Database\\Console\\Migrations\\FreshCommand->runSeeder(NULL)
#41 [internal function]: Illuminate\\Database\\Console\\Migrations\\FreshCommand->handle()
#42 C:\\Users\\2ndyrGroupC\\Desktop\\Projects\\BBOHRSystem\\vendor\\laravel\\framework\\src\\Illuminate\\Container\\BoundMethod.php(32): call_user_func_array(Array, Array)
#43 C:\\Users\\2ndyrGroupC\\Desktop\\Projects\\BBOHRSystem\\vendor\\laravel\\framework\\src\\Illuminate\\Container\\BoundMethod.php(90): Illuminate\\Container\\BoundMethod::Illuminate\\Container\\{closure}()
#44 C:\\Users\\2ndyrGroupC\\Desktop\\Projects\\BBOHRSystem\\vendor\\laravel\\framework\\src\\Illuminate\\Container\\BoundMethod.php(34): Illuminate\\Container\\BoundMethod::callBoundMethod(Object(Illuminate\\Foundation\\Application), Array, Object(Closure))
#45 C:\\Users\\2ndyrGroupC\\Desktop\\Projects\\BBOHRSystem\\vendor\\laravel\\framework\\src\\Illuminate\\Container\\Container.php(576): Illuminate\\Container\\BoundMethod::call(Object(Illuminate\\Foundation\\Application), Array, Array, NULL)
#46 C:\\Users\\2ndyrGroupC\\Desktop\\Projects\\BBOHRSystem\\vendor\\laravel\\framework\\src\\Illuminate\\Console\\Command.php(183): Illuminate\\Container\\Container->call(Array)
#47 C:\\Users\\2ndyrGroupC\\Desktop\\Projects\\BBOHRSystem\\vendor\\symfony\\console\\Command\\Command.php(255): Illuminate\\Console\\Command->execute(Object(Symfony\\Component\\Console\\Input\\ArgvInput), Object(Illuminate\\Console\\OutputStyle))
#48 C:\\Users\\2ndyrGroupC\\Desktop\\Projects\\BBOHRSystem\\vendor\\laravel\\framework\\src\\Illuminate\\Console\\Command.php(170): Symfony\\Component\\Console\\Command\\Command->run(Object(Symfony\\Component\\Console\\Input\\ArgvInput), Object(Illuminate\\Console\\OutputStyle))
#49 C:\\Users\\2ndyrGroupC\\Desktop\\Projects\\BBOHRSystem\\vendor\\symfony\\console\\Application.php(1009): Illuminate\\Console\\Command->run(Object(Symfony\\Component\\Console\\Input\\ArgvInput), Object(Symfony\\Component\\Console\\Output\\ConsoleOutput))
#50 C:\\Users\\2ndyrGroupC\\Desktop\\Projects\\BBOHRSystem\\vendor\\symfony\\console\\Application.php(273): Symfony\\Component\\Console\\Application->doRunCommand(Object(Illuminate\\Database\\Console\\Migrations\\FreshCommand), Object(Symfony\\Component\\Console\\Input\\ArgvInput), Object(Symfony\\Component\\Console\\Output\\ConsoleOutput))
#51 C:\\Users\\2ndyrGroupC\\Desktop\\Projects\\BBOHRSystem\\vendor\\symfony\\console\\Application.php(149): Symfony\\Component\\Console\\Application->doRun(Object(Symfony\\Component\\Console\\Input\\ArgvInput), Object(Symfony\\Component\\Console\\Output\\ConsoleOutput))
#52 C:\\Users\\2ndyrGroupC\\Desktop\\Projects\\BBOHRSystem\\vendor\\laravel\\framework\\src\\Illuminate\\Console\\Application.php(90): Symfony\\Component\\Console\\Application->run(Object(Symfony\\Component\\Console\\Input\\ArgvInput), Object(Symfony\\Component\\Console\\Output\\ConsoleOutput))
#53 C:\\Users\\2ndyrGroupC\\Desktop\\Projects\\BBOHRSystem\\vendor\\laravel\\framework\\src\\Illuminate\\Foundation\\Console\\Kernel.php(133): Illuminate\\Console\\Application->run(Object(Symfony\\Component\\Console\\Input\\ArgvInput), Object(Symfony\\Component\\Console\\Output\\ConsoleOutput))
#54 C:\\Users\\2ndyrGroupC\\Desktop\\Projects\\BBOHRSystem\\artisan(37): Illuminate\\Foundation\\Console\\Kernel->handle(Object(Symfony\\Component\\Console\\Input\\ArgvInput), Object(Symfony\\Component\\Console\\Output\\ConsoleOutput))
#55 {main}
"} 
[2020-10-09 13:23:15] local.ERROR: SQLSTATE[42S02]: Base table or view not found: 1146 Table 'bbo_request_db.role_user' doesn't exist (SQL: insert into `role_user` (`role_id`, `user_id`) values (5, 1)) {"exception":"[object] (Illuminate\\Database\\QueryException(code: 42S02): SQLSTATE[42S02]: Base table or view not found: 1146 Table 'bbo_request_db.role_user' doesn't exist (SQL: insert into `role_user` (`role_id`, `user_id`) values (5, 1)) at C:\\Users\\2ndyrGroupC\\Desktop\\Projects\\BBOHRSystem\\vendor\\laravel\\framework\\src\\Illuminate\\Database\\Connection.php:664, PDOException(code: 42S02): SQLSTATE[42S02]: Base table or view not found: 1146 Table 'bbo_request_db.role_user' doesn't exist at C:\\Users\\2ndyrGroupC\\Desktop\\Projects\\BBOHRSystem\\vendor\\laravel\\framework\\src\\Illuminate\\Database\\Connection.php:452)
[stacktrace]
#0 C:\\Users\\2ndyrGroupC\\Desktop\\Projects\\BBOHRSystem\\vendor\\laravel\\framework\\src\\Illuminate\\Database\\Connection.php(624): Illuminate\\Database\\Connection->runQueryCallback('insert into `ro...', Array, Object(Closure))
#1 C:\\Users\\2ndyrGroupC\\Desktop\\Projects\\BBOHRSystem\\vendor\\laravel\\framework\\src\\Illuminate\\Database\\Connection.php(459): Illuminate\\Database\\Connection->run('insert into `ro...', Array, Object(Closure))
#2 C:\\Users\\2ndyrGroupC\\Desktop\\Projects\\BBOHRSystem\\vendor\\laravel\\framework\\src\\Illuminate\\Database\\Connection.php(411): Illuminate\\Database\\Connection->statement('insert into `ro...', Array)
#3 C:\\Users\\2ndyrGroupC\\Desktop\\Projects\\BBOHRSystem\\vendor\\laravel\\framework\\src\\Illuminate\\Database\\Query\\Builder.php(2646): Illuminate\\Database\\Connection->insert('insert into `ro...', Array)
#4 C:\\Users\\2ndyrGroupC\\Desktop\\Projects\\BBOHRSystem\\vendor\\laravel\\framework\\src\\Illuminate\\Database\\Eloquent\\Relations\\Concerns\\InteractsWithPivotTable.php(259): Illuminate\\Database\\Query\\Builder->insert(Array)
#5 C:\\Users\\2ndyrGroupC\\Desktop\\Projects\\BBOHRSystem\\database\\factories\\UserFactory.php(32): Illuminate\\Database\\Eloquent\\Relations\\BelongsToMany->attach(5)
#6 C:\\Users\\2ndyrGroupC\\Desktop\\Projects\\BBOHRSystem\\vendor\\laravel\\framework\\src\\Illuminate\\Database\\Eloquent\\FactoryBuilder.php(433): Illuminate\\Database\\Eloquent\\Factory->{closure}(Object(App\\Models\\User), Object(Faker\\Generator))
#7 C:\\Users\\2ndyrGroupC\\Desktop\\Projects\\BBOHRSystem\\vendor\\laravel\\framework\\src\\Illuminate\\Database\\Eloquent\\FactoryBuilder.php(413): Illuminate\\Database\\Eloquent\\FactoryBuilder->callAfterCallbacks(Array, Object(App\\Models\\User), 'default')
#8 C:\\Users\\2ndyrGroupC\\Desktop\\Projects\\BBOHRSystem\\vendor\\laravel\\framework\\src\\Illuminate\\Support\\Collection.php(475): Illuminate\\Database\\Eloquent\\FactoryBuilder->Illuminate\\Database\\Eloquent\\{closure}(Object(App\\Models\\User), 0)
#9 C:\\Users\\2ndyrGroupC\\Desktop\\Projects\\BBOHRSystem\\vendor\\laravel\\framework\\src\\Illuminate\\Database\\Eloquent\\FactoryBuilder.php(415): Illuminate\\Support\\Collection->each(Object(Closure))
#10 C:\\Users\\2ndyrGroupC\\Desktop\\Projects\\BBOHRSystem\\vendor\\laravel\\framework\\src\\Illuminate\\Database\\Eloquent\\FactoryBuilder.php(397): Illuminate\\Database\\Eloquent\\FactoryBuilder->callAfter(Array, Object(Illuminate\\Database\\Eloquent\\Collection))
#11 C:\\Users\\2ndyrGroupC\\Desktop\\Projects\\BBOHRSystem\\vendor\\laravel\\framework\\src\\Illuminate\\Database\\Eloquent\\FactoryBuilder.php(187): Illuminate\\Database\\Eloquent\\FactoryBuilder->callAfterCreating(Object(Illuminate\\Database\\Eloquent\\Collection))
#12 C:\\Users\\2ndyrGroupC\\Desktop\\Projects\\BBOHRSystem\\database\\seeds\\UserSeeder.php(16): Illuminate\\Database\\Eloquent\\FactoryBuilder->create()
#13 [internal function]: UserSeeder->run()
#14 C:\\Users\\2ndyrGroupC\\Desktop\\Projects\\BBOHRSystem\\vendor\\laravel\\framework\\src\\Illuminate\\Container\\BoundMethod.php(32): call_user_func_array(Array, Array)
#15 C:\\Users\\2ndyrGroupC\\Desktop\\Projects\\BBOHRSystem\\vendor\\laravel\\framework\\src\\Illuminate\\Container\\BoundMethod.php(90): Illuminate\\Container\\BoundMethod::Illuminate\\Container\\{closure}()
#16 C:\\Users\\2ndyrGroupC\\Desktop\\Projects\\BBOHRSystem\\vendor\\laravel\\framework\\src\\Illuminate\\Container\\BoundMethod.php(34): Illuminate\\Container\\BoundMethod::callBoundMethod(Object(Illuminate\\Foundation\\Application), Array, Object(Closure))
#17 C:\\Users\\2ndyrGroupC\\Desktop\\Projects\\BBOHRSystem\\vendor\\laravel\\framework\\src\\Illuminate\\Container\\Container.php(576): Illuminate\\Container\\BoundMethod::call(Object(Illuminate\\Foundation\\Application), Array, Array, NULL)
#18 C:\\Users\\2ndyrGroupC\\Desktop\\Projects\\BBOHRSystem\\vendor\\laravel\\framework\\src\\Illuminate\\Database\\Seeder.php(124): Illuminate\\Container\\Container->call(Array)
#19 C:\\Users\\2ndyrGroupC\\Desktop\\Projects\\BBOHRSystem\\vendor\\laravel\\framework\\src\\Illuminate\\Database\\Seeder.php(44): Illuminate\\Database\\Seeder->__invoke()
#20 C:\\Users\\2ndyrGroupC\\Desktop\\Projects\\BBOHRSystem\\database\\seeds\\DatabaseSeeder.php(15): Illuminate\\Database\\Seeder->call('UserSeeder')
#21 [internal function]: DatabaseSeeder->run()
#22 C:\\Users\\2ndyrGroupC\\Desktop\\Projects\\BBOHRSystem\\vendor\\laravel\\framework\\src\\Illuminate\\Container\\BoundMethod.php(32): call_user_func_array(Array, Array)
#23 C:\\Users\\2ndyrGroupC\\Desktop\\Projects\\BBOHRSystem\\vendor\\laravel\\framework\\src\\Illuminate\\Container\\BoundMethod.php(90): Illuminate\\Container\\BoundMethod::Illuminate\\Container\\{closure}()
#24 C:\\Users\\2ndyrGroupC\\Desktop\\Projects\\BBOHRSystem\\vendor\\laravel\\framework\\src\\Illuminate\\Container\\BoundMethod.php(34): Illuminate\\Container\\BoundMethod::callBoundMethod(Object(Illuminate\\Foundation\\Application), Array, Object(Closure))
#25 C:\\Users\\2ndyrGroupC\\Desktop\\Projects\\BBOHRSystem\\vendor\\laravel\\framework\\src\\Illuminate\\Container\\Container.php(576): Illuminate\\Container\\BoundMethod::call(Object(Illuminate\\Foundation\\Application), Array, Array, NULL)
#26 C:\\Users\\2ndyrGroupC\\Desktop\\Projects\\BBOHRSystem\\vendor\\laravel\\framework\\src\\Illuminate\\Database\\Seeder.php(124): Illuminate\\Container\\Container->call(Array)
#27 C:\\Users\\2ndyrGroupC\\Desktop\\Projects\\BBOHRSystem\\vendor\\laravel\\framework\\src\\Illuminate\\Database\\Console\\Seeds\\SeedCommand.php(63): Illuminate\\Database\\Seeder->__invoke()
#28 C:\\Users\\2ndyrGroupC\\Desktop\\Projects\\BBOHRSystem\\vendor\\laravel\\framework\\src\\Illuminate\\Database\\Eloquent\\Concerns\\GuardsAttributes.php(122): Illuminate\\Database\\Console\\Seeds\\SeedCommand->Illuminate\\Database\\Console\\Seeds\\{closure}()
#29 C:\\Users\\2ndyrGroupC\\Desktop\\Projects\\BBOHRSystem\\vendor\\laravel\\framework\\src\\Illuminate\\Database\\Console\\Seeds\\SeedCommand.php(64): Illuminate\\Database\\Eloquent\\Model::unguarded(Object(Closure))
#30 [internal function]: Illuminate\\Database\\Console\\Seeds\\SeedCommand->handle()
#31 C:\\Users\\2ndyrGroupC\\Desktop\\Projects\\BBOHRSystem\\vendor\\laravel\\framework\\src\\Illuminate\\Container\\BoundMethod.php(32): call_user_func_array(Array, Array)
#32 C:\\Users\\2ndyrGroupC\\Desktop\\Projects\\BBOHRSystem\\vendor\\laravel\\framework\\src\\Illuminate\\Container\\BoundMethod.php(90): Illuminate\\Container\\BoundMethod::Illuminate\\Container\\{closure}()
#33 C:\\Users\\2ndyrGroupC\\Desktop\\Projects\\BBOHRSystem\\vendor\\laravel\\framework\\src\\Illuminate\\Container\\BoundMethod.php(34): Illuminate\\Container\\BoundMethod::callBoundMethod(Object(Illuminate\\Foundation\\Application), Array, Object(Closure))
#34 C:\\Users\\2ndyrGroupC\\Desktop\\Projects\\BBOHRSystem\\vendor\\laravel\\framework\\src\\Illuminate\\Container\\Container.php(576): Illuminate\\Container\\BoundMethod::call(Object(Illuminate\\Foundation\\Application), Array, Array, NULL)
#35 C:\\Users\\2ndyrGroupC\\Desktop\\Projects\\BBOHRSystem\\vendor\\laravel\\framework\\src\\Illuminate\\Console\\Command.php(183): Illuminate\\Container\\Container->call(Array)
#36 C:\\Users\\2ndyrGroupC\\Desktop\\Projects\\BBOHRSystem\\vendor\\symfony\\console\\Command\\Command.php(255): Illuminate\\Console\\Command->execute(Object(Symfony\\Component\\Console\\Input\\ArrayInput), Object(Illuminate\\Console\\OutputStyle))
#37 C:\\Users\\2ndyrGroupC\\Desktop\\Projects\\BBOHRSystem\\vendor\\laravel\\framework\\src\\Illuminate\\Console\\Command.php(170): Symfony\\Component\\Console\\Command\\Command->run(Object(Symfony\\Component\\Console\\Input\\ArrayInput), Object(Illuminate\\Console\\OutputStyle))
#38 C:\\Users\\2ndyrGroupC\\Desktop\\Projects\\BBOHRSystem\\vendor\\laravel\\framework\\src\\Illuminate\\Console\\Command.php(198): Illuminate\\Console\\Command->run(Object(Symfony\\Component\\Console\\Input\\ArrayInput), Object(Illuminate\\Console\\OutputStyle))
#39 C:\\Users\\2ndyrGroupC\\Desktop\\Projects\\BBOHRSystem\\vendor\\laravel\\framework\\src\\Illuminate\\Database\\Console\\Migrations\\FreshCommand.php(127): Illuminate\\Console\\Command->call('db:seed', Array)
#40 C:\\Users\\2ndyrGroupC\\Desktop\\Projects\\BBOHRSystem\\vendor\\laravel\\framework\\src\\Illuminate\\Database\\Console\\Migrations\\FreshCommand.php(65): Illuminate\\Database\\Console\\Migrations\\FreshCommand->runSeeder(NULL)
#41 [internal function]: Illuminate\\Database\\Console\\Migrations\\FreshCommand->handle()
#42 C:\\Users\\2ndyrGroupC\\Desktop\\Projects\\BBOHRSystem\\vendor\\laravel\\framework\\src\\Illuminate\\Container\\BoundMethod.php(32): call_user_func_array(Array, Array)
#43 C:\\Users\\2ndyrGroupC\\Desktop\\Projects\\BBOHRSystem\\vendor\\laravel\\framework\\src\\Illuminate\\Container\\BoundMethod.php(90): Illuminate\\Container\\BoundMethod::Illuminate\\Container\\{closure}()
#44 C:\\Users\\2ndyrGroupC\\Desktop\\Projects\\BBOHRSystem\\vendor\\laravel\\framework\\src\\Illuminate\\Container\\BoundMethod.php(34): Illuminate\\Container\\BoundMethod::callBoundMethod(Object(Illuminate\\Foundation\\Application), Array, Object(Closure))
#45 C:\\Users\\2ndyrGroupC\\Desktop\\Projects\\BBOHRSystem\\vendor\\laravel\\framework\\src\\Illuminate\\Container\\Container.php(576): Illuminate\\Container\\BoundMethod::call(Object(Illuminate\\Foundation\\Application), Array, Array, NULL)
#46 C:\\Users\\2ndyrGroupC\\Desktop\\Projects\\BBOHRSystem\\vendor\\laravel\\framework\\src\\Illuminate\\Console\\Command.php(183): Illuminate\\Container\\Container->call(Array)
#47 C:\\Users\\2ndyrGroupC\\Desktop\\Projects\\BBOHRSystem\\vendor\\symfony\\console\\Command\\Command.php(255): Illuminate\\Console\\Command->execute(Object(Symfony\\Component\\Console\\Input\\ArgvInput), Object(Illuminate\\Console\\OutputStyle))
#48 C:\\Users\\2ndyrGroupC\\Desktop\\Projects\\BBOHRSystem\\vendor\\laravel\\framework\\src\\Illuminate\\Console\\Command.php(170): Symfony\\Component\\Console\\Command\\Command->run(Object(Symfony\\Component\\Console\\Input\\ArgvInput), Object(Illuminate\\Console\\OutputStyle))
#49 C:\\Users\\2ndyrGroupC\\Desktop\\Projects\\BBOHRSystem\\vendor\\symfony\\console\\Application.php(1009): Illuminate\\Console\\Command->run(Object(Symfony\\Component\\Console\\Input\\ArgvInput), Object(Symfony\\Component\\Console\\Output\\ConsoleOutput))
#50 C:\\Users\\2ndyrGroupC\\Desktop\\Projects\\BBOHRSystem\\vendor\\symfony\\console\\Application.php(273): Symfony\\Component\\Console\\Application->doRunCommand(Object(Illuminate\\Database\\Console\\Migrations\\FreshCommand), Object(Symfony\\Component\\Console\\Input\\ArgvInput), Object(Symfony\\Component\\Console\\Output\\ConsoleOutput))
#51 C:\\Users\\2ndyrGroupC\\Desktop\\Projects\\BBOHRSystem\\vendor\\symfony\\console\\Application.php(149): Symfony\\Component\\Console\\Application->doRun(Object(Symfony\\Component\\Console\\Input\\ArgvInput), Object(Symfony\\Component\\Console\\Output\\ConsoleOutput))
#52 C:\\Users\\2ndyrGroupC\\Desktop\\Projects\\BBOHRSystem\\vendor\\laravel\\framework\\src\\Illuminate\\Console\\Application.php(90): Symfony\\Component\\Console\\Application->run(Object(Symfony\\Component\\Console\\Input\\ArgvInput), Object(Symfony\\Component\\Console\\Output\\ConsoleOutput))
#53 C:\\Users\\2ndyrGroupC\\Desktop\\Projects\\BBOHRSystem\\vendor\\laravel\\framework\\src\\Illuminate\\Foundation\\Console\\Kernel.php(133): Illuminate\\Console\\Application->run(Object(Symfony\\Component\\Console\\Input\\ArgvInput), Object(Symfony\\Component\\Console\\Output\\ConsoleOutput))
#54 C:\\Users\\2ndyrGroupC\\Desktop\\Projects\\BBOHRSystem\\artisan(37): Illuminate\\Foundation\\Console\\Kernel->handle(Object(Symfony\\Component\\Console\\Input\\ArgvInput), Object(Symfony\\Component\\Console\\Output\\ConsoleOutput))
#55 {main}
"} 
[2020-10-09 13:23:59] local.ERROR: SQLSTATE[42S02]: Base table or view not found: 1146 Table 'bbo_request_db.role_user' doesn't exist (SQL: insert into `role_user` (`role_id`, `user_id`) values (5, 1)) {"exception":"[object] (Illuminate\\Database\\QueryException(code: 42S02): SQLSTATE[42S02]: Base table or view not found: 1146 Table 'bbo_request_db.role_user' doesn't exist (SQL: insert into `role_user` (`role_id`, `user_id`) values (5, 1)) at C:\\Users\\2ndyrGroupC\\Desktop\\Projects\\BBOHRSystem\\vendor\\laravel\\framework\\src\\Illuminate\\Database\\Connection.php:664, PDOException(code: 42S02): SQLSTATE[42S02]: Base table or view not found: 1146 Table 'bbo_request_db.role_user' doesn't exist at C:\\Users\\2ndyrGroupC\\Desktop\\Projects\\BBOHRSystem\\vendor\\laravel\\framework\\src\\Illuminate\\Database\\Connection.php:452)
[stacktrace]
#0 C:\\Users\\2ndyrGroupC\\Desktop\\Projects\\BBOHRSystem\\vendor\\laravel\\framework\\src\\Illuminate\\Database\\Connection.php(624): Illuminate\\Database\\Connection->runQueryCallback('insert into `ro...', Array, Object(Closure))
#1 C:\\Users\\2ndyrGroupC\\Desktop\\Projects\\BBOHRSystem\\vendor\\laravel\\framework\\src\\Illuminate\\Database\\Connection.php(459): Illuminate\\Database\\Connection->run('insert into `ro...', Array, Object(Closure))
#2 C:\\Users\\2ndyrGroupC\\Desktop\\Projects\\BBOHRSystem\\vendor\\laravel\\framework\\src\\Illuminate\\Database\\Connection.php(411): Illuminate\\Database\\Connection->statement('insert into `ro...', Array)
#3 C:\\Users\\2ndyrGroupC\\Desktop\\Projects\\BBOHRSystem\\vendor\\laravel\\framework\\src\\Illuminate\\Database\\Query\\Builder.php(2646): Illuminate\\Database\\Connection->insert('insert into `ro...', Array)
#4 C:\\Users\\2ndyrGroupC\\Desktop\\Projects\\BBOHRSystem\\vendor\\laravel\\framework\\src\\Illuminate\\Database\\Eloquent\\Relations\\Concerns\\InteractsWithPivotTable.php(259): Illuminate\\Database\\Query\\Builder->insert(Array)
#5 C:\\Users\\2ndyrGroupC\\Desktop\\Projects\\BBOHRSystem\\database\\factories\\UserFactory.php(32): Illuminate\\Database\\Eloquent\\Relations\\BelongsToMany->attach(5)
#6 C:\\Users\\2ndyrGroupC\\Desktop\\Projects\\BBOHRSystem\\vendor\\laravel\\framework\\src\\Illuminate\\Database\\Eloquent\\FactoryBuilder.php(433): Illuminate\\Database\\Eloquent\\Factory->{closure}(Object(App\\Models\\User), Object(Faker\\Generator))
#7 C:\\Users\\2ndyrGroupC\\Desktop\\Projects\\BBOHRSystem\\vendor\\laravel\\framework\\src\\Illuminate\\Database\\Eloquent\\FactoryBuilder.php(413): Illuminate\\Database\\Eloquent\\FactoryBuilder->callAfterCallbacks(Array, Object(App\\Models\\User), 'default')
#8 C:\\Users\\2ndyrGroupC\\Desktop\\Projects\\BBOHRSystem\\vendor\\laravel\\framework\\src\\Illuminate\\Support\\Collection.php(475): Illuminate\\Database\\Eloquent\\FactoryBuilder->Illuminate\\Database\\Eloquent\\{closure}(Object(App\\Models\\User), 0)
#9 C:\\Users\\2ndyrGroupC\\Desktop\\Projects\\BBOHRSystem\\vendor\\laravel\\framework\\src\\Illuminate\\Database\\Eloquent\\FactoryBuilder.php(415): Illuminate\\Support\\Collection->each(Object(Closure))
#10 C:\\Users\\2ndyrGroupC\\Desktop\\Projects\\BBOHRSystem\\vendor\\laravel\\framework\\src\\Illuminate\\Database\\Eloquent\\FactoryBuilder.php(397): Illuminate\\Database\\Eloquent\\FactoryBuilder->callAfter(Array, Object(Illuminate\\Database\\Eloquent\\Collection))
#11 C:\\Users\\2ndyrGroupC\\Desktop\\Projects\\BBOHRSystem\\vendor\\laravel\\framework\\src\\Illuminate\\Database\\Eloquent\\FactoryBuilder.php(187): Illuminate\\Database\\Eloquent\\FactoryBuilder->callAfterCreating(Object(Illuminate\\Database\\Eloquent\\Collection))
#12 C:\\Users\\2ndyrGroupC\\Desktop\\Projects\\BBOHRSystem\\database\\seeds\\UserSeeder.php(16): Illuminate\\Database\\Eloquent\\FactoryBuilder->create()
#13 [internal function]: UserSeeder->run()
#14 C:\\Users\\2ndyrGroupC\\Desktop\\Projects\\BBOHRSystem\\vendor\\laravel\\framework\\src\\Illuminate\\Container\\BoundMethod.php(32): call_user_func_array(Array, Array)
#15 C:\\Users\\2ndyrGroupC\\Desktop\\Projects\\BBOHRSystem\\vendor\\laravel\\framework\\src\\Illuminate\\Container\\BoundMethod.php(90): Illuminate\\Container\\BoundMethod::Illuminate\\Container\\{closure}()
#16 C:\\Users\\2ndyrGroupC\\Desktop\\Projects\\BBOHRSystem\\vendor\\laravel\\framework\\src\\Illuminate\\Container\\BoundMethod.php(34): Illuminate\\Container\\BoundMethod::callBoundMethod(Object(Illuminate\\Foundation\\Application), Array, Object(Closure))
#17 C:\\Users\\2ndyrGroupC\\Desktop\\Projects\\BBOHRSystem\\vendor\\laravel\\framework\\src\\Illuminate\\Container\\Container.php(576): Illuminate\\Container\\BoundMethod::call(Object(Illuminate\\Foundation\\Application), Array, Array, NULL)
#18 C:\\Users\\2ndyrGroupC\\Desktop\\Projects\\BBOHRSystem\\vendor\\laravel\\framework\\src\\Illuminate\\Database\\Seeder.php(124): Illuminate\\Container\\Container->call(Array)
#19 C:\\Users\\2ndyrGroupC\\Desktop\\Projects\\BBOHRSystem\\vendor\\laravel\\framework\\src\\Illuminate\\Database\\Seeder.php(44): Illuminate\\Database\\Seeder->__invoke()
#20 C:\\Users\\2ndyrGroupC\\Desktop\\Projects\\BBOHRSystem\\database\\seeds\\DatabaseSeeder.php(15): Illuminate\\Database\\Seeder->call('UserSeeder')
#21 [internal function]: DatabaseSeeder->run()
#22 C:\\Users\\2ndyrGroupC\\Desktop\\Projects\\BBOHRSystem\\vendor\\laravel\\framework\\src\\Illuminate\\Container\\BoundMethod.php(32): call_user_func_array(Array, Array)
#23 C:\\Users\\2ndyrGroupC\\Desktop\\Projects\\BBOHRSystem\\vendor\\laravel\\framework\\src\\Illuminate\\Container\\BoundMethod.php(90): Illuminate\\Container\\BoundMethod::Illuminate\\Container\\{closure}()
#24 C:\\Users\\2ndyrGroupC\\Desktop\\Projects\\BBOHRSystem\\vendor\\laravel\\framework\\src\\Illuminate\\Container\\BoundMethod.php(34): Illuminate\\Container\\BoundMethod::callBoundMethod(Object(Illuminate\\Foundation\\Application), Array, Object(Closure))
#25 C:\\Users\\2ndyrGroupC\\Desktop\\Projects\\BBOHRSystem\\vendor\\laravel\\framework\\src\\Illuminate\\Container\\Container.php(576): Illuminate\\Container\\BoundMethod::call(Object(Illuminate\\Foundation\\Application), Array, Array, NULL)
#26 C:\\Users\\2ndyrGroupC\\Desktop\\Projects\\BBOHRSystem\\vendor\\laravel\\framework\\src\\Illuminate\\Database\\Seeder.php(124): Illuminate\\Container\\Container->call(Array)
#27 C:\\Users\\2ndyrGroupC\\Desktop\\Projects\\BBOHRSystem\\vendor\\laravel\\framework\\src\\Illuminate\\Database\\Console\\Seeds\\SeedCommand.php(63): Illuminate\\Database\\Seeder->__invoke()
#28 C:\\Users\\2ndyrGroupC\\Desktop\\Projects\\BBOHRSystem\\vendor\\laravel\\framework\\src\\Illuminate\\Database\\Eloquent\\Concerns\\GuardsAttributes.php(122): Illuminate\\Database\\Console\\Seeds\\SeedCommand->Illuminate\\Database\\Console\\Seeds\\{closure}()
#29 C:\\Users\\2ndyrGroupC\\Desktop\\Projects\\BBOHRSystem\\vendor\\laravel\\framework\\src\\Illuminate\\Database\\Console\\Seeds\\SeedCommand.php(64): Illuminate\\Database\\Eloquent\\Model::unguarded(Object(Closure))
#30 [internal function]: Illuminate\\Database\\Console\\Seeds\\SeedCommand->handle()
#31 C:\\Users\\2ndyrGroupC\\Desktop\\Projects\\BBOHRSystem\\vendor\\laravel\\framework\\src\\Illuminate\\Container\\BoundMethod.php(32): call_user_func_array(Array, Array)
#32 C:\\Users\\2ndyrGroupC\\Desktop\\Projects\\BBOHRSystem\\vendor\\laravel\\framework\\src\\Illuminate\\Container\\BoundMethod.php(90): Illuminate\\Container\\BoundMethod::Illuminate\\Container\\{closure}()
#33 C:\\Users\\2ndyrGroupC\\Desktop\\Projects\\BBOHRSystem\\vendor\\laravel\\framework\\src\\Illuminate\\Container\\BoundMethod.php(34): Illuminate\\Container\\BoundMethod::callBoundMethod(Object(Illuminate\\Foundation\\Application), Array, Object(Closure))
#34 C:\\Users\\2ndyrGroupC\\Desktop\\Projects\\BBOHRSystem\\vendor\\laravel\\framework\\src\\Illuminate\\Container\\Container.php(576): Illuminate\\Container\\BoundMethod::call(Object(Illuminate\\Foundation\\Application), Array, Array, NULL)
#35 C:\\Users\\2ndyrGroupC\\Desktop\\Projects\\BBOHRSystem\\vendor\\laravel\\framework\\src\\Illuminate\\Console\\Command.php(183): Illuminate\\Container\\Container->call(Array)
#36 C:\\Users\\2ndyrGroupC\\Desktop\\Projects\\BBOHRSystem\\vendor\\symfony\\console\\Command\\Command.php(255): Illuminate\\Console\\Command->execute(Object(Symfony\\Component\\Console\\Input\\ArgvInput), Object(Illuminate\\Console\\OutputStyle))
#37 C:\\Users\\2ndyrGroupC\\Desktop\\Projects\\BBOHRSystem\\vendor\\laravel\\framework\\src\\Illuminate\\Console\\Command.php(170): Symfony\\Component\\Console\\Command\\Command->run(Object(Symfony\\Component\\Console\\Input\\ArgvInput), Object(Illuminate\\Console\\OutputStyle))
#38 C:\\Users\\2ndyrGroupC\\Desktop\\Projects\\BBOHRSystem\\vendor\\symfony\\console\\Application.php(1009): Illuminate\\Console\\Command->run(Object(Symfony\\Component\\Console\\Input\\ArgvInput), Object(Symfony\\Component\\Console\\Output\\ConsoleOutput))
#39 C:\\Users\\2ndyrGroupC\\Desktop\\Projects\\BBOHRSystem\\vendor\\symfony\\console\\Application.php(273): Symfony\\Component\\Console\\Application->doRunCommand(Object(Illuminate\\Database\\Console\\Seeds\\SeedCommand), Object(Symfony\\Component\\Console\\Input\\ArgvInput), Object(Symfony\\Component\\Console\\Output\\ConsoleOutput))
#40 C:\\Users\\2ndyrGroupC\\Desktop\\Projects\\BBOHRSystem\\vendor\\symfony\\console\\Application.php(149): Symfony\\Component\\Console\\Application->doRun(Object(Symfony\\Component\\Console\\Input\\ArgvInput), Object(Symfony\\Component\\Console\\Output\\ConsoleOutput))
#41 C:\\Users\\2ndyrGroupC\\Desktop\\Projects\\BBOHRSystem\\vendor\\laravel\\framework\\src\\Illuminate\\Console\\Application.php(90): Symfony\\Component\\Console\\Application->run(Object(Symfony\\Component\\Console\\Input\\ArgvInput), Object(Symfony\\Component\\Console\\Output\\ConsoleOutput))
#42 C:\\Users\\2ndyrGroupC\\Desktop\\Projects\\BBOHRSystem\\vendor\\laravel\\framework\\src\\Illuminate\\Foundation\\Console\\Kernel.php(133): Illuminate\\Console\\Application->run(Object(Symfony\\Component\\Console\\Input\\ArgvInput), Object(Symfony\\Component\\Console\\Output\\ConsoleOutput))
#43 C:\\Users\\2ndyrGroupC\\Desktop\\Projects\\BBOHRSystem\\artisan(37): Illuminate\\Foundation\\Console\\Kernel->handle(Object(Symfony\\Component\\Console\\Input\\ArgvInput), Object(Symfony\\Component\\Console\\Output\\ConsoleOutput))
#44 {main}
"} 
